[+] Containers:
 |- [+] Container: /Game/FirstPerson/Maps/FirstPersonMap
 |   |- [+] ActorDescs:
 |   |   |- Guid:0EDB289B45CB7E0977A6DBA74201EE76 BaseClass: NativeClass:/Script/Engine.StaticMeshActor Name:StaticMeshActor_10 Label:SM_Cube6 SpatiallyLoaded:1 Bounds:IsValid=true, Min=(X=2900.000 Y=100.000 Z=0.000), Max=(X=3000.000 Y=3400.000 Z=400.000) RuntimeGrid:None EditorOnly:0 RuntimeOnly:0 HLODRelevant:1 ListedInSceneOutliner:1 IsMainWorldOnly:0 FolderPath:Playground FolderGuid:6C02BB504B69D1F3D7A624B130C18E5B
 |   |   |- Guid:1A4A688F406048E49A8D94A55B0947A1 BaseClass: NativeClass:/Script/Engine.StaticMeshActor Name:StaticMeshActor_UAID_C87F540C10AF461F02_1777584582 Label:ZCutting SpatiallyLoaded:1 Bounds:IsValid=true, Min=(X=2290.044 Y=1658.934 Z=228.252), Max=(X=2335.044 Y=1734.619 Z=348.279) RuntimeGrid:None EditorOnly:0 RuntimeOnly:0 HLODRelevant:1 ListedInSceneOutliner:1 IsMainWorldOnly:0 FolderPath:PCBRouter FolderGuid:AC43C4584845DCD96C1EDE886339262B
 |   |   |- Guid:21262252453B37957EF29F82ABA2413B BaseClass: NativeClass:/Script/Engine.TextRenderActor Name:TextRenderActor_1 Label:TextRenderActor SpatiallyLoaded:1 Bounds:IsValid=true, Min=(X=101.054 Y=716.242 Z=-3.933), Max=(X=101.054 Y=2109.729 Z=305.731) RuntimeGrid:None EditorOnly:0 RuntimeOnly:0 HLODRelevant:0 ListedInSceneOutliner:1 IsMainWorldOnly:0 FolderPath:Playground FolderGuid:6C02BB504B69D1F3D7A624B130C18E5B
 |   |   |- Guid:2943929740A66B58F5D31A923A2C1B78 BaseClass:/Game/FirstPerson/GAM320AT/BluePrint/Component/BP_ComponentBase.BP_ComponentBase_C NativeClass:/Script/Engine.Actor Name:BP_ComponentBase_C_UAID_C87F540C10AF491F02_1075841115 Label:BP_ComponentBase SpatiallyLoaded:1 Bounds:IsValid=true, Min=(X=1645.952 Y=934.483 Z=3.306), Max=(X=1735.952 Y=1234.483 Z=153.306) RuntimeGrid:None EditorOnly:0 RuntimeOnly:0 HLODRelevant:0 ListedInSceneOutliner:1 IsMainWorldOnly:0
 |   |   |- Guid:44319C9A4EC09426A5F2F4A65EE85F6A BaseClass:/Game/InterfaceTutorial/Blueprints/BP_Button.BP_Button_C NativeClass:/Script/Engine.Actor Name:BP_Button_C_UAID_04421A05CC17495901_1346599992 Label:BP_Button3 SpatiallyLoaded:1 Bounds:IsValid=true, Min=(X=2675.318 Y=1193.189 Z=-0.001), Max=(X=2721.106 Y=1216.324 Z=141.028) RuntimeGrid:None EditorOnly:0 RuntimeOnly:0 HLODRelevant:0 ListedInSceneOutliner:1 IsMainWorldOnly:0 FolderPath:Tutorial FolderGuid:836B351B4DB97DA7E5FB3A9D4D60EAF3
 |   |   |- Guid:449EB239457D8346C7A9C4835A65CE19 BaseClass: NativeClass:/Script/Engine.StaticMeshActor Name:StaticMeshActor_UAID_C87F540C10AF451F02_2123526402 Label:?????? SpatiallyLoaded:1 Bounds:IsValid=true, Min=(X=1985.903 Y=1426.196 Z=-2.615), Max=(X=2413.778 Y=1785.696 Z=555.361) RuntimeGrid:None EditorOnly:0 RuntimeOnly:0 HLODRelevant:1 ListedInSceneOutliner:1 IsMainWorldOnly:0 FolderPath:PCBRouter FolderGuid:AC43C4584845DCD96C1EDE886339262B
 |   |   |- Guid:4B6567F64F1DB1CEB775FBA15470159B BaseClass:/Game/FirstPerson/GAM320AT/BluePrint/Component/BP_Shell.BP_Shell_C NativeClass:/Script/Engine.Actor Name:BP_Shell_C_UAID_C87F540C10AFAE1F02_1819937901 Label:BP_Shell SpatiallyLoaded:1 Bounds:IsValid=true, Min=(X=174.144 Y=69.326 Z=-579.069), Max=(X=1252.645 Y=1743.254 Z=704.556) RuntimeGrid:None EditorOnly:0 RuntimeOnly:0 HLODRelevant:0 ListedInSceneOutliner:1 IsMainWorldOnly:0
 |   |   |- Guid:549C9E6549DF81223C9FDA802FFA4204 BaseClass: NativeClass:/Script/Engine.StaticMeshActor Name:StaticMeshActor_UAID_C87F540C10AF451F02_1943732401 Label:??c_v_?? SpatiallyLoaded:1 Bounds:IsValid=true, Min=(X=2019.202 Y=1519.399 Z=156.946), Max=(X=2260.199 Y=1652.149 Z=226.446) RuntimeGrid:None EditorOnly:0 RuntimeOnly:0 HLODRelevant:1 ListedInSceneOutliner:1 IsMainWorldOnly:0 FolderPath:PCBRouter FolderGuid:AC43C4584845DCD96C1EDE886339262B
 |   |   |- Guid:5FE7584649BB6F09265329A6C57CFD0D BaseClass: NativeClass:/Script/Engine.VolumetricCloud Name:VolumetricCloud_0 Label:VolumetricCloud SpatiallyLoaded:0 Bounds:IsValid=true, Min=(X=0.000 Y=0.000 Z=820.000), Max=(X=0.000 Y=0.000 Z=820.000) RuntimeGrid:None EditorOnly:0 RuntimeOnly:0 HLODRelevant:0 ListedInSceneOutliner:1 IsMainWorldOnly:0 FolderPath:Lighting FolderGuid:0BA5F0A04EADB18E70D5B180D08FA34B
 |   |   |- Guid:61391D344900612A77DFC3BA3E354907 BaseClass: NativeClass:/Script/Engine.ExponentialHeightFog Name:ExponentialHeightFog_0 Label:ExponentialHeightFog SpatiallyLoaded:0 Bounds:IsValid=true, Min=(X=-5600.000 Y=-50.000 Z=-6850.000), Max=(X=-5600.000 Y=-50.000 Z=-6850.000) RuntimeGrid:None EditorOnly:0 RuntimeOnly:0 HLODRelevant:0 ListedInSceneOutliner:1 IsMainWorldOnly:0 FolderPath:Lighting FolderGuid:0BA5F0A04EADB18E70D5B180D08FA34B
 |   |   |- Guid:6FEFB3BD4EB37B849EF0D4AC80F83855 BaseClass: NativeClass:/Script/Engine.WorldDataLayers Name:WorldDataLayers Label:WorldDataLayers SpatiallyLoaded:0 Bounds:IsValid=true, Min=(X=0.000 Y=0.000 Z=0.000), Max=(X=0.000 Y=0.000 Z=0.000) RuntimeGrid:None EditorOnly:0 RuntimeOnly:0 HLODRelevant:0 ListedInSceneOutliner:1 IsMainWorldOnly:1
 |   |   |- Guid:74F4998F4EE7336C6D8F80BAE3B9FE9D BaseClass: NativeClass:/Script/Engine.PointLight Name:PointLight_UAID_C87F540C10AF461F02_1155483579 Label:PointLight SpatiallyLoaded:1 Bounds:IsValid=true, Min=(X=1213.457 Y=692.134 Z=-614.664), Max=(X=3213.457 Y=2692.134 Z=1385.336) RuntimeGrid:None EditorOnly:0 RuntimeOnly:0 HLODRelevant:0 ListedInSceneOutliner:1 IsMainWorldOnly:0 FolderPath:PCBRouter FolderGuid:AC43C4584845DCD96C1EDE886339262B
 |   |   |- Guid:78CAF7514C7533F30BD2F19A017AAB65 BaseClass: NativeClass:/Script/Engine.StaticMeshActor Name:StaticMeshActor_0 Label:SM_Cube SpatiallyLoaded:1 Bounds:IsValid=true, Min=(X=0.000 Y=0.000 Z=-50.000), Max=(X=3000.000 Y=3500.000 Z=0.000) RuntimeGrid:None EditorOnly:0 RuntimeOnly:0 HLODRelevant:1 ListedInSceneOutliner:1 IsMainWorldOnly:0 FolderPath:Playground FolderGuid:6C02BB504B69D1F3D7A624B130C18E5B
 |   |   |- Guid:8559D1384B14F466E8927697A36C1D78 BaseClass: NativeClass:/Script/Engine.StaticMeshActor Name:StaticMeshActor_9 Label:SM_Cube5 SpatiallyLoaded:1 Bounds:IsValid=true, Min=(X=-0.000 Y=100.000 Z=0.000), Max=(X=100.000 Y=3400.000 Z=400.000) RuntimeGrid:None EditorOnly:0 RuntimeOnly:0 HLODRelevant:1 ListedInSceneOutliner:1 IsMainWorldOnly:0 FolderPath:Playground FolderGuid:6C02BB504B69D1F3D7A624B130C18E5B
 |   |   |- Guid:90B7B8D3420C2EABA931D3A6A69DF696 BaseClass: NativeClass:/Script/Engine.StaticMeshActor Name:StaticMeshActor_3 Label:SM_Cube2 SpatiallyLoaded:1 Bounds:IsValid=true, Min=(X=0.000 Y=0.000 Z=0.000), Max=(X=3000.000 Y=100.000 Z=400.000) RuntimeGrid:None EditorOnly:0 RuntimeOnly:0 HLODRelevant:1 ListedInSceneOutliner:1 IsMainWorldOnly:0 FolderPath:Playground FolderGuid:6C02BB504B69D1F3D7A624B130C18E5B
 |   |   |- Guid:96FD000943A8F8E04FD1AB90BC3E6288 BaseClass: NativeClass:/Script/Engine.StaticMeshActor Name:StaticMeshActor_UAID_C87F540C10AF471F02_1190562760 Label:RightMotorDriver SpatiallyLoaded:1 Bounds:IsValid=true, Min=(X=2121.506 Y=1591.678 Z=139.995), Max=(X=2214.006 Y=1803.225 Z=227.995) RuntimeGrid:None EditorOnly:0 RuntimeOnly:0 HLODRelevant:1 ListedInSceneOutliner:1 IsMainWorldOnly:0 FolderPath:PCBRouter FolderGuid:AC43C4584845DCD96C1EDE886339262B
 |   |   |- Guid:A01540FD44F9017B854699A5AF00AC57 BaseClass:/Game/InterfaceTutorial/Blueprints/BP_Chair.BP_Chair_C NativeClass:/Script/Engine.Actor Name:BP_Chair_C_UAID_04421A05CC175E5801_1880853634 Label:BP_Chair SpatiallyLoaded:1 Bounds:IsValid=true, Min=(X=2682.615 Y=920.388 Z=0.000), Max=(X=2764.771 Y=1001.290 Z=115.351) RuntimeGrid:None EditorOnly:0 RuntimeOnly:0 HLODRelevant:0 ListedInSceneOutliner:1 IsMainWorldOnly:0 FolderPath:Tutorial FolderGuid:836B351B4DB97DA7E5FB3A9D4D60EAF3
 |   |   |- Guid:A354B1B24E617A525DC6B48CCDE2417E BaseClass: NativeClass:/Script/Engine.PlayerStart Name:PlayerStart_0 Label:PlayerStart SpatiallyLoaded:0 Bounds:IsValid=true, Min=(X=2120.153 Y=1256.704 Z=134.748), Max=(X=2222.690 Y=1359.241 Z=318.748) RuntimeGrid:None EditorOnly:0 RuntimeOnly:0 HLODRelevant:0 ListedInSceneOutliner:1 IsMainWorldOnly:0
 |   |   |- Guid:AA97E455459E9FF9ACCD0DACE91F8805 BaseClass:/Game/FirstPerson/GAM320AT/BluePrint/Component/BP_XTransferTrack.BP_XTransferTrack_C NativeClass:/Script/Engine.Actor Name:BP_XTransferTrack_C_UAID_C87F540C10AFAD1F02_2098697723 Label:BP_XTransferTrack2 SpatiallyLoaded:1 Bounds:IsValid=true, Min=(X=1754.549 Y=257.093 Z=-423.819), Max=(X=1913.699 Y=527.093 Z=443.556) RuntimeGrid:None EditorOnly:0 RuntimeOnly:0 HLODRelevant:0 ListedInSceneOutliner:1 IsMainWorldOnly:0
 |   |   |- Guid:B2EF35C24837CC6C3A68BFAABCF6D310 BaseClass:/Game/InterfaceTutorial/Blueprints/BP_Button.BP_Button_C NativeClass:/Script/Engine.Actor Name:BP_Button_C_UAID_04421A05CC175E5801_1975942635 Label:BP_Button2 SpatiallyLoaded:1 Bounds:IsValid=true, Min=(X=2675.318 Y=1088.189 Z=-0.001), Max=(X=2721.106 Y=1111.324 Z=141.028) RuntimeGrid:None EditorOnly:0 RuntimeOnly:0 HLODRelevant:0 ListedInSceneOutliner:1 IsMainWorldOnly:0 FolderPath:Tutorial FolderGuid:836B351B4DB97DA7E5FB3A9D4D60EAF3
 |   |   |- Guid:B76148B5413C2F41F8765FAF1632194A BaseClass: NativeClass:/Script/Engine.StaticMeshActor Name:StaticMeshActor_UAID_C87F540C10AF461F02_2124383583 Label:LeftMotorDriver SpatiallyLoaded:1 Bounds:IsValid=true, Min=(X=2226.643 Y=1569.436 Z=149.412), Max=(X=2319.143 Y=1780.983 Z=228.162) RuntimeGrid:None EditorOnly:0 RuntimeOnly:0 HLODRelevant:1 ListedInSceneOutliner:1 IsMainWorldOnly:0 FolderPath:PCBRouter FolderGuid:AC43C4584845DCD96C1EDE886339262B
 |   |   |- Guid:BE51854B44C4C309F3C5DD83AFD81565 BaseClass:/Game/FirstPerson/GAM320AT/BluePrint/Component/BP_ZCutting.BP_ZCutting_C NativeClass:/Script/Engine.Actor Name:BP_ZCutting_C_UAID_C87F540C10AFAD1F02_2094354722 Label:BP_ZCutting2 SpatiallyLoaded:1 Bounds:IsValid=true, Min=(X=1868.901 Y=406.573 Z=-79.194), Max=(X=2095.954 Y=766.652 Z=55.806) RuntimeGrid:None EditorOnly:0 RuntimeOnly:0 HLODRelevant:0 ListedInSceneOutliner:1 IsMainWorldOnly:0
 |   |   |- Guid:C22CE07C4B87D685137FDBBC10FC92C6 BaseClass: NativeClass:/Script/Engine.SkyAtmosphere Name:SkyAtmosphere_0 Label:SkyAtmosphere SpatiallyLoaded:0 Bounds:IsValid=true, Min=(X=0.000 Y=0.000 Z=1020.000), Max=(X=0.000 Y=0.000 Z=1020.000) RuntimeGrid:None EditorOnly:0 RuntimeOnly:0 HLODRelevant:0 ListedInSceneOutliner:1 IsMainWorldOnly:0 FolderPath:Lighting FolderGuid:0BA5F0A04EADB18E70D5B180D08FA34B
 |   |   |- Guid:CE8D82634660FCDB3120E2B8D547C533 BaseClass: NativeClass:/Script/Engine.PostProcessVolume Name:PostProcessVolume_0 Label:PostProcessVolume SpatiallyLoaded:0 Bounds:IsValid=true, Min=(X=0.000 Y=0.000 Z=400.000), Max=(X=200.000 Y=200.000 Z=600.000) RuntimeGrid:None EditorOnly:0 RuntimeOnly:0 HLODRelevant:0 ListedInSceneOutliner:1 IsMainWorldOnly:0 FolderPath:Lighting FolderGuid:0BA5F0A04EADB18E70D5B180D08FA34B
 |   |   |- Guid:D6A57A2D4352870A006870B9A692E772 BaseClass:/Game/InterfaceTutorial/Blueprints/BP_Platform.BP_Platform_C NativeClass:/Script/Engine.Actor Name:BP_Platform_C_UAID_04421A05CC17AD5801_2001593535 Label:BP_Platform SpatiallyLoaded:1 Bounds:IsValid=true, Min=(X=2790.077 Y=1159.461 Z=1.394), Max=(X=2890.077 Y=1259.461 Z=4.394) RuntimeGrid:None EditorOnly:0 RuntimeOnly:0 HLODRelevant:0 ListedInSceneOutliner:1 IsMainWorldOnly:0 FolderPath:Tutorial FolderGuid:836B351B4DB97DA7E5FB3A9D4D60EAF3
 |   |   |- Guid:E4BF6B6C4B9BD8D6DDDDCF8065853881 BaseClass:/Game/InterfaceTutorial/Blueprints/BP_Door.BP_Door_C NativeClass:/Script/Engine.Actor Name:BP_Door_C_UAID_04421A05CC17FA5801_1842295087 Label:BP_Door SpatiallyLoaded:1 Bounds:IsValid=true, Min=(X=2682.581 Y=723.004 Z=0.000), Max=(X=2707.419 Y=836.996 Z=211.996) RuntimeGrid:None EditorOnly:0 RuntimeOnly:0 HLODRelevant:0 ListedInSceneOutliner:1 IsMainWorldOnly:0 FolderPath:Tutorial FolderGuid:836B351B4DB97DA7E5FB3A9D4D60EAF3
 |   |   |- Guid:E5320C1B4FD9764CE7B54D8487AEC613 BaseClass: NativeClass:/Script/Engine.SkyLight Name:SkyLight_0 Label:SkyLight SpatiallyLoaded:0 Bounds:IsValid=true, Min=(X=0.000 Y=0.000 Z=690.000), Max=(X=0.000 Y=0.000 Z=690.000) RuntimeGrid:None EditorOnly:0 RuntimeOnly:0 HLODRelevant:0 ListedInSceneOutliner:1 IsMainWorldOnly:0 FolderPath:Lighting FolderGuid:0BA5F0A04EADB18E70D5B180D08FA34B
 |   |   |- Guid:E6EECB2942A2DC2410A8C9892F54814C BaseClass:/Game/InterfaceTutorial/Blueprints/BP_CubeGuy.BP_CubeGuy_C NativeClass:/Script/Engine.Actor Name:BP_CubeGuy_C_UAID_04421A05CC174A5901_1347478167 Label:BP_CubeGuy SpatiallyLoaded:1 Bounds:IsValid=true, Min=(X=2588.358 Y=1445.914 Z=0.000), Max=(X=2719.086 Y=1574.086 Z=100.000) RuntimeGrid:None EditorOnly:0 RuntimeOnly:0 HLODRelevant:0 ListedInSceneOutliner:1 IsMainWorldOnly:0 FolderPath:Tutorial FolderGuid:836B351B4DB97DA7E5FB3A9D4D60EAF3
 |   |   |- Guid:EE66F4454A4A9F99393F559AB739C05E BaseClass:/Game/FirstPerson/Blueprints/BP_Pickup_Rifle.BP_Pickup_Rifle_C NativeClass:/Script/Engine.Actor Name:BP_Rifle_C_1 Label:BP_Pickup_Rifle SpatiallyLoaded:1 Bounds:IsValid=true, Min=(X=2649.726 Y=1310.368 Z=64.000), Max=(X=2713.726 Y=1399.808 Z=128.000) RuntimeGrid:None EditorOnly:0 RuntimeOnly:0 HLODRelevant:0 ListedInSceneOutliner:1 IsMainWorldOnly:0 FolderPath:Tutorial FolderGuid:836B351B4DB97DA7E5FB3A9D4D60EAF3
 |   |   |- Guid:EEA0B75F4F6ED035302939AFA88F8A05 BaseClass:/Game/InterfaceTutorial/Blueprints/BP_Light.BP_Light_C NativeClass:/Script/Engine.Actor Name:BP_Light_C_UAID_04421A05CC175E5801_1734119633 Label:BP_Light SpatiallyLoaded:1 Bounds:IsValid=true, Min=(X=2881.717 Y=1080.837 Z=107.312), Max=(X=2900.092 Y=1117.455 Z=136.730) RuntimeGrid:None EditorOnly:0 RuntimeOnly:0 HLODRelevant:0 ListedInSceneOutliner:1 IsMainWorldOnly:0 FolderPath:Tutorial FolderGuid:836B351B4DB97DA7E5FB3A9D4D60EAF3
 |   |   |- Guid:F07F1AF64C7C7C238EE1B4BF8C122DD8 BaseClass: NativeClass:/Script/Engine.StaticMeshActor Name:StaticMeshActor_4 Label:SM_Cube3 SpatiallyLoaded:1 Bounds:IsValid=true, Min=(X=0.000 Y=3400.000 Z=0.000), Max=(X=3000.000 Y=3500.000 Z=400.000) RuntimeGrid:None EditorOnly:0 RuntimeOnly:0 HLODRelevant:1 ListedInSceneOutliner:1 IsMainWorldOnly:0 FolderPath:Playground FolderGuid:6C02BB504B69D1F3D7A624B130C18E5B
 |   |   |- Guid:F80621C9446867154938FE81375207DA BaseClass: NativeClass:/Script/Engine.DirectionalLight Name:DirectionalLight_1 Label:DirectionalLight SpatiallyLoaded:0 Bounds:IsValid=true, Min=(X=-1048576.000 Y=-1048576.000 Z=-1048576.000), Max=(X=1048576.000 Y=1048576.000 Z=1048576.000) RuntimeGrid:None EditorOnly:0 RuntimeOnly:0 HLODRelevant:0 ListedInSceneOutliner:1 IsMainWorldOnly:0 FolderPath:Lighting FolderGuid:0BA5F0A04EADB18E70D5B180D08FA34B
 |   |- [+] Clusters:
 |   |   |- [+] [  0]
 |   |   |   |- Guid:0EDB289B45CB7E0977A6DBA74201EE76 BaseClass: NativeClass:/Script/Engine.StaticMeshActor Name:StaticMeshActor_10 Label:SM_Cube6 SpatiallyLoaded:1 Bounds:IsValid=true, Min=(X=2900.000 Y=100.000 Z=0.000), Max=(X=3000.000 Y=3400.000 Z=400.000) RuntimeGrid:None EditorOnly:0 RuntimeOnly:0 HLODRelevant:1 ListedInSceneOutliner:1 IsMainWorldOnly:0 FolderPath:Playground FolderGuid:6C02BB504B69D1F3D7A624B130C18E5B
 |   |   |- [+] [  1]
 |   |   |   |- Guid:1A4A688F406048E49A8D94A55B0947A1 BaseClass: NativeClass:/Script/Engine.StaticMeshActor Name:StaticMeshActor_UAID_C87F540C10AF461F02_1777584582 Label:ZCutting SpatiallyLoaded:1 Bounds:IsValid=true, Min=(X=2290.044 Y=1658.934 Z=228.252), Max=(X=2335.044 Y=1734.619 Z=348.279) RuntimeGrid:None EditorOnly:0 RuntimeOnly:0 HLODRelevant:1 ListedInSceneOutliner:1 IsMainWorldOnly:0 FolderPath:PCBRouter FolderGuid:AC43C4584845DCD96C1EDE886339262B
 |   |   |- [+] [  2]
 |   |   |   |- Guid:21262252453B37957EF29F82ABA2413B BaseClass: NativeClass:/Script/Engine.TextRenderActor Name:TextRenderActor_1 Label:TextRenderActor SpatiallyLoaded:1 Bounds:IsValid=true, Min=(X=101.054 Y=716.242 Z=-3.933), Max=(X=101.054 Y=2109.729 Z=305.731) RuntimeGrid:None EditorOnly:0 RuntimeOnly:0 HLODRelevant:0 ListedInSceneOutliner:1 IsMainWorldOnly:0 FolderPath:Playground FolderGuid:6C02BB504B69D1F3D7A624B130C18E5B
 |   |   |- [+] [  3]
 |   |   |   |- Guid:2943929740A66B58F5D31A923A2C1B78 BaseClass:/Game/FirstPerson/GAM320AT/BluePrint/Component/BP_ComponentBase.BP_ComponentBase_C NativeClass:/Script/Engine.Actor Name:BP_ComponentBase_C_UAID_C87F540C10AF491F02_1075841115 Label:BP_ComponentBase SpatiallyLoaded:1 Bounds:IsValid=true, Min=(X=1645.952 Y=934.483 Z=3.306), Max=(X=1735.952 Y=1234.483 Z=153.306) RuntimeGrid:None EditorOnly:0 RuntimeOnly:0 HLODRelevant:0 ListedInSceneOutliner:1 IsMainWorldOnly:0
 |   |   |- [+] [  4]
 |   |   |   |- Guid:44319C9A4EC09426A5F2F4A65EE85F6A BaseClass:/Game/InterfaceTutorial/Blueprints/BP_Button.BP_Button_C NativeClass:/Script/Engine.Actor Name:BP_Button_C_UAID_04421A05CC17495901_1346599992 Label:BP_Button3 SpatiallyLoaded:1 Bounds:IsValid=true, Min=(X=2675.318 Y=1193.189 Z=-0.001), Max=(X=2721.106 Y=1216.324 Z=141.028) RuntimeGrid:None EditorOnly:0 RuntimeOnly:0 HLODRelevant:0 ListedInSceneOutliner:1 IsMainWorldOnly:0 FolderPath:Tutorial FolderGuid:836B351B4DB97DA7E5FB3A9D4D60EAF3
 |   |   |   |- Guid:D6A57A2D4352870A006870B9A692E772 BaseClass:/Game/InterfaceTutorial/Blueprints/BP_Platform.BP_Platform_C NativeClass:/Script/Engine.Actor Name:BP_Platform_C_UAID_04421A05CC17AD5801_2001593535 Label:BP_Platform SpatiallyLoaded:1 Bounds:IsValid=true, Min=(X=2790.077 Y=1159.461 Z=1.394), Max=(X=2890.077 Y=1259.461 Z=4.394) RuntimeGrid:None EditorOnly:0 RuntimeOnly:0 HLODRelevant:0 ListedInSceneOutliner:1 IsMainWorldOnly:0 FolderPath:Tutorial FolderGuid:836B351B4DB97DA7E5FB3A9D4D60EAF3
 |   |   |- [+] [  5]
 |   |   |   |- Guid:449EB239457D8346C7A9C4835A65CE19 BaseClass: NativeClass:/Script/Engine.StaticMeshActor Name:StaticMeshActor_UAID_C87F540C10AF451F02_2123526402 Label:?????? SpatiallyLoaded:1 Bounds:IsValid=true, Min=(X=1985.903 Y=1426.196 Z=-2.615), Max=(X=2413.778 Y=1785.696 Z=555.361) RuntimeGrid:None EditorOnly:0 RuntimeOnly:0 HLODRelevant:1 ListedInSceneOutliner:1 IsMainWorldOnly:0 FolderPath:PCBRouter FolderGuid:AC43C4584845DCD96C1EDE886339262B
 |   |   |- [+] [  6]
 |   |   |   |- Guid:4B6567F64F1DB1CEB775FBA15470159B BaseClass:/Game/FirstPerson/GAM320AT/BluePrint/Component/BP_Shell.BP_Shell_C NativeClass:/Script/Engine.Actor Name:BP_Shell_C_UAID_C87F540C10AFAE1F02_1819937901 Label:BP_Shell SpatiallyLoaded:1 Bounds:IsValid=true, Min=(X=174.144 Y=69.326 Z=-579.069), Max=(X=1252.645 Y=1743.254 Z=704.556) RuntimeGrid:None EditorOnly:0 RuntimeOnly:0 HLODRelevant:0 ListedInSceneOutliner:1 IsMainWorldOnly:0
 |   |   |- [+] [  7]
 |   |   |   |- Guid:549C9E6549DF81223C9FDA802FFA4204 BaseClass: NativeClass:/Script/Engine.StaticMeshActor Name:StaticMeshActor_UAID_C87F540C10AF451F02_1943732401 Label:??c_v_?? SpatiallyLoaded:1 Bounds:IsValid=true, Min=(X=2019.202 Y=1519.399 Z=156.946), Max=(X=2260.199 Y=1652.149 Z=226.446) RuntimeGrid:None EditorOnly:0 RuntimeOnly:0 HLODRelevant:1 ListedInSceneOutliner:1 IsMainWorldOnly:0 FolderPath:PCBRouter FolderGuid:AC43C4584845DCD96C1EDE886339262B
 |   |   |- [+] [  8]
 |   |   |   |- Guid:5FE7584649BB6F09265329A6C57CFD0D BaseClass: NativeClass:/Script/Engine.VolumetricCloud Name:VolumetricCloud_0 Label:VolumetricCloud SpatiallyLoaded:0 Bounds:IsValid=true, Min=(X=0.000 Y=0.000 Z=820.000), Max=(X=0.000 Y=0.000 Z=820.000) RuntimeGrid:None EditorOnly:0 RuntimeOnly:0 HLODRelevant:0 ListedInSceneOutliner:1 IsMainWorldOnly:0 FolderPath:Lighting FolderGuid:0BA5F0A04EADB18E70D5B180D08FA34B
 |   |   |- [+] [  9]
 |   |   |   |- Guid:61391D344900612A77DFC3BA3E354907 BaseClass: NativeClass:/Script/Engine.ExponentialHeightFog Name:ExponentialHeightFog_0 Label:ExponentialHeightFog SpatiallyLoaded:0 Bounds:IsValid=true, Min=(X=-5600.000 Y=-50.000 Z=-6850.000), Max=(X=-5600.000 Y=-50.000 Z=-6850.000) RuntimeGrid:None EditorOnly:0 RuntimeOnly:0 HLODRelevant:0 ListedInSceneOutliner:1 IsMainWorldOnly:0 FolderPath:Lighting FolderGuid:0BA5F0A04EADB18E70D5B180D08FA34B
 |   |   |- [+] [ 10]
 |   |   |   |- Guid:6FEFB3BD4EB37B849EF0D4AC80F83855 BaseClass: NativeClass:/Script/Engine.WorldDataLayers Name:WorldDataLayers Label:WorldDataLayers SpatiallyLoaded:0 Bounds:IsValid=true, Min=(X=0.000 Y=0.000 Z=0.000), Max=(X=0.000 Y=0.000 Z=0.000) RuntimeGrid:None EditorOnly:0 RuntimeOnly:0 HLODRelevant:0 ListedInSceneOutliner:1 IsMainWorldOnly:1
 |   |   |- [+] [ 11]
 |   |   |   |- Guid:74F4998F4EE7336C6D8F80BAE3B9FE9D BaseClass: NativeClass:/Script/Engine.PointLight Name:PointLight_UAID_C87F540C10AF461F02_1155483579 Label:PointLight SpatiallyLoaded:1 Bounds:IsValid=true, Min=(X=1213.457 Y=692.134 Z=-614.664), Max=(X=3213.457 Y=2692.134 Z=1385.336) RuntimeGrid:None EditorOnly:0 RuntimeOnly:0 HLODRelevant:0 ListedInSceneOutliner:1 IsMainWorldOnly:0 FolderPath:PCBRouter FolderGuid:AC43C4584845DCD96C1EDE886339262B
 |   |   |- [+] [ 12]
 |   |   |   |- Guid:78CAF7514C7533F30BD2F19A017AAB65 BaseClass: NativeClass:/Script/Engine.StaticMeshActor Name:StaticMeshActor_0 Label:SM_Cube SpatiallyLoaded:1 Bounds:IsValid=true, Min=(X=0.000 Y=0.000 Z=-50.000), Max=(X=3000.000 Y=3500.000 Z=0.000) RuntimeGrid:None EditorOnly:0 RuntimeOnly:0 HLODRelevant:1 ListedInSceneOutliner:1 IsMainWorldOnly:0 FolderPath:Playground FolderGuid:6C02BB504B69D1F3D7A624B130C18E5B
 |   |   |- [+] [ 13]
 |   |   |   |- Guid:8559D1384B14F466E8927697A36C1D78 BaseClass: NativeClass:/Script/Engine.StaticMeshActor Name:StaticMeshActor_9 Label:SM_Cube5 SpatiallyLoaded:1 Bounds:IsValid=true, Min=(X=-0.000 Y=100.000 Z=0.000), Max=(X=100.000 Y=3400.000 Z=400.000) RuntimeGrid:None EditorOnly:0 RuntimeOnly:0 HLODRelevant:1 ListedInSceneOutliner:1 IsMainWorldOnly:0 FolderPath:Playground FolderGuid:6C02BB504B69D1F3D7A624B130C18E5B
 |   |   |- [+] [ 14]
 |   |   |   |- Guid:90B7B8D3420C2EABA931D3A6A69DF696 BaseClass: NativeClass:/Script/Engine.StaticMeshActor Name:StaticMeshActor_3 Label:SM_Cube2 SpatiallyLoaded:1 Bounds:IsValid=true, Min=(X=0.000 Y=0.000 Z=0.000), Max=(X=3000.000 Y=100.000 Z=400.000) RuntimeGrid:None EditorOnly:0 RuntimeOnly:0 HLODRelevant:1 ListedInSceneOutliner:1 IsMainWorldOnly:0 FolderPath:Playground FolderGuid:6C02BB504B69D1F3D7A624B130C18E5B
 |   |   |- [+] [ 15]
 |   |   |   |- Guid:96FD000943A8F8E04FD1AB90BC3E6288 BaseClass: NativeClass:/Script/Engine.StaticMeshActor Name:StaticMeshActor_UAID_C87F540C10AF471F02_1190562760 Label:RightMotorDriver SpatiallyLoaded:1 Bounds:IsValid=true, Min=(X=2121.506 Y=1591.678 Z=139.995), Max=(X=2214.006 Y=1803.225 Z=227.995) RuntimeGrid:None EditorOnly:0 RuntimeOnly:0 HLODRelevant:1 ListedInSceneOutliner:1 IsMainWorldOnly:0 FolderPath:PCBRouter FolderGuid:AC43C4584845DCD96C1EDE886339262B
 |   |   |- [+] [ 16]
 |   |   |   |- Guid:A01540FD44F9017B854699A5AF00AC57 BaseClass:/Game/InterfaceTutorial/Blueprints/BP_Chair.BP_Chair_C NativeClass:/Script/Engine.Actor Name:BP_Chair_C_UAID_04421A05CC175E5801_1880853634 Label:BP_Chair SpatiallyLoaded:1 Bounds:IsValid=true, Min=(X=2682.615 Y=920.388 Z=0.000), Max=(X=2764.771 Y=1001.290 Z=115.351) RuntimeGrid:None EditorOnly:0 RuntimeOnly:0 HLODRelevant:0 ListedInSceneOutliner:1 IsMainWorldOnly:0 FolderPath:Tutorial FolderGuid:836B351B4DB97DA7E5FB3A9D4D60EAF3
 |   |   |- [+] [ 17]
 |   |   |   |- Guid:A354B1B24E617A525DC6B48CCDE2417E BaseClass: NativeClass:/Script/Engine.PlayerStart Name:PlayerStart_0 Label:PlayerStart SpatiallyLoaded:0 Bounds:IsValid=true, Min=(X=2120.153 Y=1256.704 Z=134.748), Max=(X=2222.690 Y=1359.241 Z=318.748) RuntimeGrid:None EditorOnly:0 RuntimeOnly:0 HLODRelevant:0 ListedInSceneOutliner:1 IsMainWorldOnly:0
 |   |   |- [+] [ 18]
 |   |   |   |- Guid:AA97E455459E9FF9ACCD0DACE91F8805 BaseClass:/Game/FirstPerson/GAM320AT/BluePrint/Component/BP_XTransferTrack.BP_XTransferTrack_C NativeClass:/Script/Engine.Actor Name:BP_XTransferTrack_C_UAID_C87F540C10AFAD1F02_2098697723 Label:BP_XTransferTrack2 SpatiallyLoaded:1 Bounds:IsValid=true, Min=(X=1754.549 Y=257.093 Z=-423.819), Max=(X=1913.699 Y=527.093 Z=443.556) RuntimeGrid:None EditorOnly:0 RuntimeOnly:0 HLODRelevant:0 ListedInSceneOutliner:1 IsMainWorldOnly:0
 |   |   |- [+] [ 19]
 |   |   |   |- Guid:B2EF35C24837CC6C3A68BFAABCF6D310 BaseClass:/Game/InterfaceTutorial/Blueprints/BP_Button.BP_Button_C NativeClass:/Script/Engine.Actor Name:BP_Button_C_UAID_04421A05CC175E5801_1975942635 Label:BP_Button2 SpatiallyLoaded:1 Bounds:IsValid=true, Min=(X=2675.318 Y=1088.189 Z=-0.001), Max=(X=2721.106 Y=1111.324 Z=141.028) RuntimeGrid:None EditorOnly:0 RuntimeOnly:0 HLODRelevant:0 ListedInSceneOutliner:1 IsMainWorldOnly:0 FolderPath:Tutorial FolderGuid:836B351B4DB97DA7E5FB3A9D4D60EAF3
 |   |   |   |- Guid:EEA0B75F4F6ED035302939AFA88F8A05 BaseClass:/Game/InterfaceTutorial/Blueprints/BP_Light.BP_Light_C NativeClass:/Script/Engine.Actor Name:BP_Light_C_UAID_04421A05CC175E5801_1734119633 Label:BP_Light SpatiallyLoaded:1 Bounds:IsValid=true, Min=(X=2881.717 Y=1080.837 Z=107.312), Max=(X=2900.092 Y=1117.455 Z=136.730) RuntimeGrid:None EditorOnly:0 RuntimeOnly:0 HLODRelevant:0 ListedInSceneOutliner:1 IsMainWorldOnly:0 FolderPath:Tutorial FolderGuid:836B351B4DB97DA7E5FB3A9D4D60EAF3
 |   |   |- [+] [ 20]
 |   |   |   |- Guid:B76148B5413C2F41F8765FAF1632194A BaseClass: NativeClass:/Script/Engine.StaticMeshActor Name:StaticMeshActor_UAID_C87F540C10AF461F02_2124383583 Label:LeftMotorDriver SpatiallyLoaded:1 Bounds:IsValid=true, Min=(X=2226.643 Y=1569.436 Z=149.412), Max=(X=2319.143 Y=1780.983 Z=228.162) RuntimeGrid:None EditorOnly:0 RuntimeOnly:0 HLODRelevant:1 ListedInSceneOutliner:1 IsMainWorldOnly:0 FolderPath:PCBRouter FolderGuid:AC43C4584845DCD96C1EDE886339262B
 |   |   |- [+] [ 21]
 |   |   |   |- Guid:BE51854B44C4C309F3C5DD83AFD81565 BaseClass:/Game/FirstPerson/GAM320AT/BluePrint/Component/BP_ZCutting.BP_ZCutting_C NativeClass:/Script/Engine.Actor Name:BP_ZCutting_C_UAID_C87F540C10AFAD1F02_2094354722 Label:BP_ZCutting2 SpatiallyLoaded:1 Bounds:IsValid=true, Min=(X=1868.901 Y=406.573 Z=-79.194), Max=(X=2095.954 Y=766.652 Z=55.806) RuntimeGrid:None EditorOnly:0 RuntimeOnly:0 HLODRelevant:0 ListedInSceneOutliner:1 IsMainWorldOnly:0
 |   |   |- [+] [ 22]
 |   |   |   |- Guid:C22CE07C4B87D685137FDBBC10FC92C6 BaseClass: NativeClass:/Script/Engine.SkyAtmosphere Name:SkyAtmosphere_0 Label:SkyAtmosphere SpatiallyLoaded:0 Bounds:IsValid=true, Min=(X=0.000 Y=0.000 Z=1020.000), Max=(X=0.000 Y=0.000 Z=1020.000) RuntimeGrid:None EditorOnly:0 RuntimeOnly:0 HLODRelevant:0 ListedInSceneOutliner:1 IsMainWorldOnly:0 FolderPath:Lighting FolderGuid:0BA5F0A04EADB18E70D5B180D08FA34B
 |   |   |- [+] [ 23]
 |   |   |   |- Guid:CE8D82634660FCDB3120E2B8D547C533 BaseClass: NativeClass:/Script/Engine.PostProcessVolume Name:PostProcessVolume_0 Label:PostProcessVolume SpatiallyLoaded:0 Bounds:IsValid=true, Min=(X=0.000 Y=0.000 Z=400.000), Max=(X=200.000 Y=200.000 Z=600.000) RuntimeGrid:None EditorOnly:0 RuntimeOnly:0 HLODRelevant:0 ListedInSceneOutliner:1 IsMainWorldOnly:0 FolderPath:Lighting FolderGuid:0BA5F0A04EADB18E70D5B180D08FA34B
 |   |   |- [+] [ 24]
 |   |   |   |- Guid:E4BF6B6C4B9BD8D6DDDDCF8065853881 BaseClass:/Game/InterfaceTutorial/Blueprints/BP_Door.BP_Door_C NativeClass:/Script/Engine.Actor Name:BP_Door_C_UAID_04421A05CC17FA5801_1842295087 Label:BP_Door SpatiallyLoaded:1 Bounds:IsValid=true, Min=(X=2682.581 Y=723.004 Z=0.000), Max=(X=2707.419 Y=836.996 Z=211.996) RuntimeGrid:None EditorOnly:0 RuntimeOnly:0 HLODRelevant:0 ListedInSceneOutliner:1 IsMainWorldOnly:0 FolderPath:Tutorial FolderGuid:836B351B4DB97DA7E5FB3A9D4D60EAF3
 |   |   |- [+] [ 25]
 |   |   |   |- Guid:E5320C1B4FD9764CE7B54D8487AEC613 BaseClass: NativeClass:/Script/Engine.SkyLight Name:SkyLight_0 Label:SkyLight SpatiallyLoaded:0 Bounds:IsValid=true, Min=(X=0.000 Y=0.000 Z=690.000), Max=(X=0.000 Y=0.000 Z=690.000) RuntimeGrid:None EditorOnly:0 RuntimeOnly:0 HLODRelevant:0 ListedInSceneOutliner:1 IsMainWorldOnly:0 FolderPath:Lighting FolderGuid:0BA5F0A04EADB18E70D5B180D08FA34B
 |   |   |- [+] [ 26]
 |   |   |   |- Guid:E6EECB2942A2DC2410A8C9892F54814C BaseClass:/Game/InterfaceTutorial/Blueprints/BP_CubeGuy.BP_CubeGuy_C NativeClass:/Script/Engine.Actor Name:BP_CubeGuy_C_UAID_04421A05CC174A5901_1347478167 Label:BP_CubeGuy SpatiallyLoaded:1 Bounds:IsValid=true, Min=(X=2588.358 Y=1445.914 Z=0.000), Max=(X=2719.086 Y=1574.086 Z=100.000) RuntimeGrid:None EditorOnly:0 RuntimeOnly:0 HLODRelevant:0 ListedInSceneOutliner:1 IsMainWorldOnly:0 FolderPath:Tutorial FolderGuid:836B351B4DB97DA7E5FB3A9D4D60EAF3
 |   |   |- [+] [ 27]
 |   |   |   |- Guid:EE66F4454A4A9F99393F559AB739C05E BaseClass:/Game/FirstPerson/Blueprints/BP_Pickup_Rifle.BP_Pickup_Rifle_C NativeClass:/Script/Engine.Actor Name:BP_Rifle_C_1 Label:BP_Pickup_Rifle SpatiallyLoaded:1 Bounds:IsValid=true, Min=(X=2649.726 Y=1310.368 Z=64.000), Max=(X=2713.726 Y=1399.808 Z=128.000) RuntimeGrid:None EditorOnly:0 RuntimeOnly:0 HLODRelevant:0 ListedInSceneOutliner:1 IsMainWorldOnly:0 FolderPath:Tutorial FolderGuid:836B351B4DB97DA7E5FB3A9D4D60EAF3
 |   |   |- [+] [ 28]
 |   |   |   |- Guid:F07F1AF64C7C7C238EE1B4BF8C122DD8 BaseClass: NativeClass:/Script/Engine.StaticMeshActor Name:StaticMeshActor_4 Label:SM_Cube3 SpatiallyLoaded:1 Bounds:IsValid=true, Min=(X=0.000 Y=3400.000 Z=0.000), Max=(X=3000.000 Y=3500.000 Z=400.000) RuntimeGrid:None EditorOnly:0 RuntimeOnly:0 HLODRelevant:1 ListedInSceneOutliner:1 IsMainWorldOnly:0 FolderPath:Playground FolderGuid:6C02BB504B69D1F3D7A624B130C18E5B
 |   |   |- [+] [ 29]
 |   |   |   |- Guid:F80621C9446867154938FE81375207DA BaseClass: NativeClass:/Script/Engine.DirectionalLight Name:DirectionalLight_1 Label:DirectionalLight SpatiallyLoaded:0 Bounds:IsValid=true, Min=(X=-1048576.000 Y=-1048576.000 Z=-1048576.000), Max=(X=1048576.000 Y=1048576.000 Z=1048576.000) RuntimeGrid:None EditorOnly:0 RuntimeOnly:0 HLODRelevant:0 ListedInSceneOutliner:1 IsMainWorldOnly:0 FolderPath:Lighting FolderGuid:0BA5F0A04EADB18E70D5B180D08FA34B
 |- ContainerInstances:
 |- [+] MainContainer:
 |   |-        ID: 00000000000000000000000000000000
 |   |-  ParentID: 00000000000000000000000000000000
 |   |-    Bounds: IsValid=false, Min=(X=0.000 Y=0.000 Z=0.000), Max=(X=0.000 Y=0.000 Z=0.000)
 |   |- Transform: 0.000000,0.000000,0.000000|0.000000,0.000000,-0.000000|1.000000,1.000000,1.000000
 |   |- Container: /Game/FirstPerson/Maps/FirstPersonMap
----------------------------------------------------------------------------------------------------------------
FirstPersonMap - Persistent Level
----------------------------------------------------------------------------------------------------------------
[+] Content of FirstPersonMap Persistent Level
 |- Always loaded Actor Count: 39 
 |- Actor Path: /Game/FirstPerson/Maps/FirstPersonMap.FirstPersonMap:PersistentLevel.AbstractNavData-Default
 |- Actor Package: /Game/FirstPerson/Maps/FirstPersonMap
 |- Actor Path: /Game/FirstPerson/Maps/FirstPersonMap.FirstPersonMap:PersistentLevel.BP_Button_C_UAID_04421A05CC17495901_1346599992
 |- Actor Package: /Game/__ExternalActors__/FirstPerson/Maps/FirstPersonMap/4/62/44KEV4F7ST8RAVBFZWYKKH
 |- Actor Path: /Game/FirstPerson/Maps/FirstPersonMap.FirstPersonMap:PersistentLevel.BP_Button_C_UAID_04421A05CC175E5801_1975942635
 |- Actor Package: /Game/__ExternalActors__/FirstPerson/Maps/FirstPersonMap/F/43/EO8O5XT2L1KYOO79TULIKI
 |- Actor Path: /Game/FirstPerson/Maps/FirstPersonMap.FirstPersonMap:PersistentLevel.BP_Chair_C_UAID_04421A05CC175E5801_1880853634
 |- Actor Package: /Game/__ExternalActors__/FirstPerson/Maps/FirstPersonMap/2/Q0/VU1SS6XKB9Z4LL2FLTS17G
 |- Actor Path: /Game/FirstPerson/Maps/FirstPersonMap.FirstPersonMap:PersistentLevel.BP_ComponentBase_C_UAID_C87F540C10AF491F02_1075841115
 |- Actor Package: /Game/__ExternalActors__/FirstPerson/Maps/FirstPersonMap/2/9P/VBL2ELWK8BUO2FK0U5GL82
 |- Actor Path: /Game/FirstPerson/Maps/FirstPersonMap.FirstPersonMap:PersistentLevel.BP_CubeGuy_C_UAID_04421A05CC174A5901_1347478167
 |- Actor Package: /Game/__ExternalActors__/FirstPerson/Maps/FirstPersonMap/D/F4/E9AAK32JBYBGE5166YLINR
 |- Actor Path: /Game/FirstPerson/Maps/FirstPersonMap.FirstPersonMap:PersistentLevel.BP_Door_C_UAID_04421A05CC17FA5801_1842295087
 |- Actor Package: /Game/__ExternalActors__/FirstPerson/Maps/FirstPersonMap/4/RK/KXDPWEE2Z7GFX5LPLMML3I
 |- Actor Path: /Game/FirstPerson/Maps/FirstPersonMap.FirstPersonMap:PersistentLevel.BP_Light_C_UAID_04421A05CC175E5801_1734119633
 |- Actor Package: /Game/__ExternalActors__/FirstPerson/Maps/FirstPersonMap/6/5O/C5AS8CBMD00G336Q0XCKSQ
 |- Actor Path: /Game/FirstPerson/Maps/FirstPersonMap.FirstPersonMap:PersistentLevel.BP_Platform_C_UAID_04421A05CC17AD5801_2001593535
 |- Actor Package: /Game/__ExternalActors__/FirstPerson/Maps/FirstPersonMap/4/FD/D9KEM74NI0WQE06KZJD0FD
 |- Actor Path: /Game/FirstPerson/Maps/FirstPersonMap.FirstPersonMap:PersistentLevel.BP_Rifle_C_1
 |- Actor Package: /Game/__ExternalActors__/FirstPerson/Maps/FirstPersonMap/5/8C/EAHCBN229IT8APJO305AH5
 |- Actor Path: /Game/FirstPerson/Maps/FirstPersonMap.FirstPersonMap:PersistentLevel.BP_Shell_C_UAID_C87F540C10AFAE1F02_1819937901
 |- Actor Package: /Game/__ExternalActors__/FirstPerson/Maps/FirstPersonMap/D/ZB/PJ1CUKL192AVNF3O8S5P0F
 |- Actor Path: /Game/FirstPerson/Maps/FirstPersonMap.FirstPersonMap:PersistentLevel.BP_XTransferTrack_C_UAID_C87F540C10AFAD1F02_2098697723
 |- Actor Package: /Game/__ExternalActors__/FirstPerson/Maps/FirstPersonMap/A/2J/7O4HZ0AJXTWYABFRIBMGS5
 |- Actor Path: /Game/FirstPerson/Maps/FirstPersonMap.FirstPersonMap:PersistentLevel.BP_ZCutting_C_UAID_C87F540C10AFAD1F02_2094354722
 |- Actor Package: /Game/__ExternalActors__/FirstPerson/Maps/FirstPersonMap/8/TC/43RS9OZ6F8IWA5EDL7H5JT
 |- Actor Path: /Game/FirstPerson/Maps/FirstPersonMap.FirstPersonMap:PersistentLevel.Brush_0
 |- Actor Package: /Game/FirstPerson/Maps/FirstPersonMap
 |- Actor Path: /Game/FirstPerson/Maps/FirstPersonMap.FirstPersonMap:PersistentLevel.DefaultPhysicsVolume_0
 |- Actor Package: /Game/FirstPerson/Maps/FirstPersonMap
 |- Actor Path: /Game/FirstPerson/Maps/FirstPersonMap.FirstPersonMap:PersistentLevel.DirectionalLight_1
 |- Actor Package: /Game/__ExternalActors__/FirstPerson/Maps/FirstPersonMap/0/WB/V4ALNTJYOVWM8BU452CKV5
 |- Actor Path: /Game/FirstPerson/Maps/FirstPersonMap.FirstPersonMap:PersistentLevel.ExponentialHeightFog_0
 |- Actor Package: /Game/__ExternalActors__/FirstPerson/Maps/FirstPersonMap/0/CL/381LM03PFI8AF9NED1SEV2
 |- Actor Path: /Game/FirstPerson/Maps/FirstPersonMap.FirstPersonMap:PersistentLevel.FirstPersonExampleMap_C_1
 |- Actor Package: /Game/FirstPerson/Maps/FirstPersonMap
 |- Actor Path: /Game/FirstPerson/Maps/FirstPersonMap.FirstPersonMap:PersistentLevel.GameplayDebuggerPlayerManager_0
 |- Actor Package: /Game/FirstPerson/Maps/FirstPersonMap
 |- Actor Path: /Game/FirstPerson/Maps/FirstPersonMap.FirstPersonMap:PersistentLevel.PlayerStart_0
 |- Actor Package: /Game/__ExternalActors__/FirstPerson/Maps/FirstPersonMap/8/Z7/W1SXRCM1KAKBJOIZDLHZ47
 |- Actor Path: /Game/FirstPerson/Maps/FirstPersonMap.FirstPersonMap:PersistentLevel.PointLight_UAID_C87F540C10AF461F02_1155483579
 |- Actor Package: /Game/__ExternalActors__/FirstPerson/Maps/FirstPersonMap/B/CS/564GSHHNUEKLL6Y1W6PQRU
 |- Actor Path: /Game/FirstPerson/Maps/FirstPersonMap.FirstPersonMap:PersistentLevel.PostProcessVolume_0
 |- Actor Package: /Game/__ExternalActors__/FirstPerson/Maps/FirstPersonMap/E/MX/R1GV431P5FDO08OFULRA01
 |- Actor Path: /Game/FirstPerson/Maps/FirstPersonMap.FirstPersonMap:PersistentLevel.SkyAtmosphere_0
 |- Actor Package: /Game/__ExternalActors__/FirstPerson/Maps/FirstPersonMap/C/VO/VMN4G7K3NKKV6F8HTPHHDB
 |- Actor Path: /Game/FirstPerson/Maps/FirstPersonMap.FirstPersonMap:PersistentLevel.SkyLight_0
 |- Actor Package: /Game/__ExternalActors__/FirstPerson/Maps/FirstPersonMap/6/0Z/5RQIHCZ9W3UXRGL4LTLQAK
 |- Actor Path: /Game/FirstPerson/Maps/FirstPersonMap.FirstPersonMap:PersistentLevel.StaticMeshActor_0
 |- Actor Package: /Game/__ExternalActors__/FirstPerson/Maps/FirstPersonMap/7/L5/1ZJ54FMA0DAL3I2Q8RFAIB
 |- Actor Path: /Game/FirstPerson/Maps/FirstPersonMap.FirstPersonMap:PersistentLevel.StaticMeshActor_3
 |- Actor Package: /Game/__ExternalActors__/FirstPerson/Maps/FirstPersonMap/3/AI/0XWE3RNM2XQC0ST1KXG02O
 |- Actor Path: /Game/FirstPerson/Maps/FirstPersonMap.FirstPersonMap:PersistentLevel.StaticMeshActor_4
 |- Actor Package: /Game/__ExternalActors__/FirstPerson/Maps/FirstPersonMap/6/AJ/2XZ3RUK0LFB63FVNQE7P5R
 |- Actor Path: /Game/FirstPerson/Maps/FirstPersonMap.FirstPersonMap:PersistentLevel.StaticMeshActor_9
 |- Actor Package: /Game/__ExternalActors__/FirstPerson/Maps/FirstPersonMap/E/UE/YUZ9741T50O1SYRX90OB0S
 |- Actor Path: /Game/FirstPerson/Maps/FirstPersonMap.FirstPersonMap:PersistentLevel.StaticMeshActor_10
 |- Actor Package: /Game/__ExternalActors__/FirstPerson/Maps/FirstPersonMap/A/XJ/HL558UUAGCS9HVVOI0S7PX
 |- Actor Path: /Game/FirstPerson/Maps/FirstPersonMap.FirstPersonMap:PersistentLevel.StaticMeshActor_UAID_C87F540C10AF451F02_1943732401
 |- Actor Package: /Game/__ExternalActors__/FirstPerson/Maps/FirstPersonMap/B/TW/WW2140MVWSB91RBTITCQ7Q
 |- Actor Path: /Game/FirstPerson/Maps/FirstPersonMap.FirstPersonMap:PersistentLevel.StaticMeshActor_UAID_C87F540C10AF451F02_2123526402
 |- Actor Package: /Game/__ExternalActors__/FirstPerson/Maps/FirstPersonMap/B/X4/30RTJ7OR8TKKQNWD24JOYX
 |- Actor Path: /Game/FirstPerson/Maps/FirstPersonMap.FirstPersonMap:PersistentLevel.StaticMeshActor_UAID_C87F540C10AF461F02_1777584582
 |- Actor Package: /Game/__ExternalActors__/FirstPerson/Maps/FirstPersonMap/8/4C/C1SGU3N39JB1EZTC88VVNR
 |- Actor Path: /Game/FirstPerson/Maps/FirstPersonMap.FirstPersonMap:PersistentLevel.StaticMeshActor_UAID_C87F540C10AF461F02_2124383583
 |- Actor Package: /Game/__ExternalActors__/FirstPerson/Maps/FirstPersonMap/7/4L/6TIBS7JPY4DF41RSHO100M
 |- Actor Path: /Game/FirstPerson/Maps/FirstPersonMap.FirstPersonMap:PersistentLevel.StaticMeshActor_UAID_C87F540C10AF471F02_1190562760
 |- Actor Package: /Game/__ExternalActors__/FirstPerson/Maps/FirstPersonMap/4/6O/V8291H316198C228AZPCAQ
 |- Actor Path: /Game/FirstPerson/Maps/FirstPersonMap.FirstPersonMap:PersistentLevel.TextRenderActor_1
 |- Actor Package: /Game/__ExternalActors__/FirstPerson/Maps/FirstPersonMap/1/RN/55P1SMQLAF7OK6300D5I8N
 |- Actor Path: /Game/FirstPerson/Maps/FirstPersonMap.FirstPersonMap:PersistentLevel.VolumetricCloud_0
 |- Actor Package: /Game/__ExternalActors__/FirstPerson/Maps/FirstPersonMap/0/GO/I8WEFD3RY9V3NVQLSU6QM4
 |- Actor Path: /Game/FirstPerson/Maps/FirstPersonMap.FirstPersonMap:PersistentLevel.WorldDataLayers
 |- Actor Package: /Game/__ExternalActors__/FirstPerson/Maps/FirstPersonMap/D/0W/E1FKEGVKGOLM7HGLQPCIPO
 |- Actor Path: /Game/FirstPerson/Maps/FirstPersonMap.FirstPersonMap:PersistentLevel.WorldInfo_0
 |- Actor Package: /Game/FirstPerson/Maps/FirstPersonMap
 |- Actor Path: /Game/FirstPerson/Maps/FirstPersonMap.FirstPersonMap:PersistentLevel.WorldPartitionMiniMap_0
 |- Actor Package: /Game/__ExternalActors__/FirstPerson/Maps/FirstPersonMap/4/CR/SRVPLA8UNZ8XIIP0E036DI

----------------------------------------------------------------------------------------------------------------
FirstPersonMap - Runtime Spatial Hash - Streaming Grid - MainGrid
----------------------------------------------------------------------------------------------------------------
            Origin: X=0.000 Y=0.000 Z=0.000
         Cell Size: 12800
      World Bounds: IsValid=false, Min=(X=0.000 Y=0.000 Z=0.000), Max=(X=0.000 Y=0.000 Z=0.000)
     Loading Range: 25600.00
Block Slow Loading: No
 ClientOnlyVisible: No
            Origin: X=0.000 Y=0.000 Z=0.000

[+] Grid Levels: 1
 |- Level  0: Cell Count    0 | Cell Size   12800 | Actor Count    0 (0.0%)

[+] Content of Grid Level 0

