[+] Containers:
 |- [+] Container: /Game/FirstPerson/Maps/FirstPersonMap
 |   |- [+] ActorDescs:
 |   |   |- Guid:0EDB289B45CB7E0977A6DBA74201EE76 BaseClass: NativeClass:/Script/Engine.StaticMeshActor Name:StaticMeshActor_10 Label:SM_Cube6 SpatiallyLoaded:1 Bounds:IsValid=true, Min=(X=2900.000 Y=100.000 Z=0.000), Max=(X=3000.000 Y=3400.000 Z=1200.000) RuntimeGrid:None EditorOnly:0 RuntimeOnly:0 HLODRelevant:1 ListedInSceneOutliner:1 IsMainWorldOnly:0 FolderPath:Playground FolderGuid:6C02BB504B69D1F3D7A624B130C18E5B
 |   |   |- Guid:3030A63C418D7FE714F3A8A5A93BA1DC BaseClass:/Game/FirstPerson/GAM320AT/BluePrint/Component/BP_TransferRackDriver.BP_TransferRackDriver_C NativeClass:/Script/Engine.Actor Name:BP_TransferRackDriver_C_UAID_C87F540C10AFEC1F02_2009339829 Label:BP_TransferRackDriver SpatiallyLoaded:1 Bounds:IsValid=true, Min=(X=1219.151 Y=1444.137 Z=417.779), Max=(X=1277.173 Y=1526.305 Z=539.920) RuntimeGrid:None EditorOnly:0 RuntimeOnly:0 HLODRelevant:0 ListedInSceneOutliner:1 IsMainWorldOnly:0 FolderPath:BP_PcbRouter/TransferModel FolderGuid:65FC48A04721EB27C2414F90C4FE1EA9
 |   |   |- Guid:366CA2314A890270E1ADEEBD2D8391A9 BaseClass:/Game/FirstPerson/GAM320AT/BluePrint/Component/BP_LeftMotorDriver.BP_LeftMotorDriver_C NativeClass:/Script/Engine.Actor Name:BP_LeftMotorDriver_C_UAID_C87F540C10AFAF1F02_1707230080 Label:BP_LeftMotorDriver SpatiallyLoaded:1 Bounds:IsValid=true, Min=(X=1201.897 Y=1466.388 Z=137.677), Max=(X=1487.486 Y=1591.263 Z=243.990) RuntimeGrid:None EditorOnly:0 RuntimeOnly:0 HLODRelevant:0 ListedInSceneOutliner:1 IsMainWorldOnly:0 FolderPath:BP_PcbRouter/CutModel FolderGuid:524767364ADD416B79AAA28D732022AF
 |   |   |- Guid:4B6567F64F1DB1CEB775FBA15470159B BaseClass:/Game/FirstPerson/GAM320AT/BluePrint/Component/BP_Shell.BP_Shell_C NativeClass:/Script/Engine.Actor Name:BP_Shell_C_UAID_C87F540C10AFAE1F02_1819937901 Label:BP_Shell SpatiallyLoaded:1 Bounds:IsValid=true, Min=(X=974.043 Y=1294.600 Z=-51.750), Max=(X=1513.293 Y=1936.412 Z=785.214) RuntimeGrid:None EditorOnly:0 RuntimeOnly:0 HLODRelevant:0 ListedInSceneOutliner:1 IsMainWorldOnly:0 FolderPath:BP_PcbRouter FolderGuid:F15D002144E8E25296D6E48B7D2E86AF
 |   |   |- Guid:61391D344900612A77DFC3BA3E354907 BaseClass: NativeClass:/Script/Engine.ExponentialHeightFog Name:ExponentialHeightFog_0 Label:ExponentialHeightFog SpatiallyLoaded:0 Bounds:IsValid=true, Min=(X=-5600.000 Y=-50.000 Z=-6850.000), Max=(X=-5600.000 Y=-50.000 Z=-6850.000) RuntimeGrid:None EditorOnly:0 RuntimeOnly:0 HLODRelevant:0 ListedInSceneOutliner:1 IsMainWorldOnly:0 FolderPath:Lighting FolderGuid:0BA5F0A04EADB18E70D5B180D08FA34B
 |   |   |- Guid:6FEFB3BD4EB37B849EF0D4AC80F83855 BaseClass: NativeClass:/Script/Engine.WorldDataLayers Name:WorldDataLayers Label:WorldDataLayers SpatiallyLoaded:0 Bounds:IsValid=true, Min=(X=0.000 Y=0.000 Z=0.000), Max=(X=0.000 Y=0.000 Z=0.000) RuntimeGrid:None EditorOnly:0 RuntimeOnly:0 HLODRelevant:0 ListedInSceneOutliner:1 IsMainWorldOnly:1
 |   |   |- Guid:78CAF7514C7533F30BD2F19A017AAB65 BaseClass: NativeClass:/Script/Engine.StaticMeshActor Name:StaticMeshActor_0 Label:SM_Cube SpatiallyLoaded:1 Bounds:IsValid=true, Min=(X=0.000 Y=0.000 Z=-50.000), Max=(X=3000.000 Y=3500.000 Z=0.000) RuntimeGrid:None EditorOnly:0 RuntimeOnly:0 HLODRelevant:1 ListedInSceneOutliner:1 IsMainWorldOnly:0 FolderPath:Playground FolderGuid:6C02BB504B69D1F3D7A624B130C18E5B
 |   |   |- Guid:8559D1384B14F466E8927697A36C1D78 BaseClass: NativeClass:/Script/Engine.StaticMeshActor Name:StaticMeshActor_9 Label:SM_Cube5 SpatiallyLoaded:1 Bounds:IsValid=true, Min=(X=-0.000 Y=100.000 Z=0.000), Max=(X=100.000 Y=3400.000 Z=1200.000) RuntimeGrid:None EditorOnly:0 RuntimeOnly:0 HLODRelevant:1 ListedInSceneOutliner:1 IsMainWorldOnly:0 FolderPath:Playground FolderGuid:6C02BB504B69D1F3D7A624B130C18E5B
 |   |   |- Guid:90B7B8D3420C2EABA931D3A6A69DF696 BaseClass: NativeClass:/Script/Engine.StaticMeshActor Name:StaticMeshActor_3 Label:SM_Cube2 SpatiallyLoaded:1 Bounds:IsValid=true, Min=(X=0.000 Y=0.000 Z=0.000), Max=(X=3000.000 Y=100.000 Z=1200.000) RuntimeGrid:None EditorOnly:0 RuntimeOnly:0 HLODRelevant:1 ListedInSceneOutliner:1 IsMainWorldOnly:0 FolderPath:Playground FolderGuid:6C02BB504B69D1F3D7A624B130C18E5B
 |   |   |- Guid:A354B1B24E617A525DC6B48CCDE2417E BaseClass: NativeClass:/Script/Engine.PlayerStart Name:PlayerStart_0 Label:PlayerStart SpatiallyLoaded:0 Bounds:IsValid=true, Min=(X=720.352 Y=1535.698 Z=306.534), Max=(X=841.220 Y=1632.276 Z=508.984) RuntimeGrid:None EditorOnly:0 RuntimeOnly:0 HLODRelevant:0 ListedInSceneOutliner:1 IsMainWorldOnly:0
 |   |   |- Guid:AA97E455459E9FF9ACCD0DACE91F8805 BaseClass:/Game/FirstPerson/GAM320AT/BluePrint/Component/BP_XCuttingTrack.BP_XCuttingTrack_C NativeClass:/Script/Engine.Actor Name:BP_XTransferTrack_C_UAID_C87F540C10AFAD1F02_2098697723 Label:BP_XTransferTrack2 SpatiallyLoaded:1 Bounds:IsValid=true, Min=(X=1397.018 Y=1375.038 Z=252.831), Max=(X=1463.065 Y=1839.084 Z=358.131) RuntimeGrid:None EditorOnly:0 RuntimeOnly:0 HLODRelevant:0 ListedInSceneOutliner:1 IsMainWorldOnly:0 FolderPath:BP_PcbRouter/CutModel FolderGuid:524767364ADD416B79AAA28D732022AF
 |   |   |- Guid:AB80E7F14E064AF553816D87EF6F9347 BaseClass: NativeClass:/Script/Engine.TextRenderActor Name:TextRenderActor_UAID_C87F540C10AFFD1F02_1405962825 Label:TextRenderActor2 SpatiallyLoaded:1 Bounds:IsValid=true, Min=(X=1086.177 Y=1529.111 Z=239.229), Max=(X=1086.177 Y=1642.576 Z=268.450) RuntimeGrid:None EditorOnly:0 RuntimeOnly:0 HLODRelevant:0 ListedInSceneOutliner:1 IsMainWorldOnly:0 FolderPath:Playground FolderGuid:6C02BB504B69D1F3D7A624B130C18E5B
 |   |   |- Guid:B8B152AB494A624F710EC4BB64B0D659 BaseClass:/Game/FirstPerson/GAM320AT/BluePrint/Component/BP_TransferRackBar.BP_TransferRackBar_C NativeClass:/Script/Engine.Actor Name:BP_TransferRackBar_C_UAID_C87F540C10AFEC1F02_1961553827 Label:BP_TransferRackBar SpatiallyLoaded:1 Bounds:IsValid=true, Min=(X=1272.010 Y=1385.328 Z=465.889), Max=(X=1316.445 Y=1793.004 Z=539.408) RuntimeGrid:None EditorOnly:0 RuntimeOnly:0 HLODRelevant:0 ListedInSceneOutliner:1 IsMainWorldOnly:0 FolderPath:BP_PcbRouter/TransferModel FolderGuid:65FC48A04721EB27C2414F90C4FE1EA9
 |   |   |- Guid:BE51854B44C4C309F3C5DD83AFD81565 BaseClass:/Game/FirstPerson/GAM320AT/BluePrint/Component/BP_ZCutting.BP_ZCutting_C NativeClass:/Script/Engine.Actor Name:BP_ZCutting_C_UAID_C87F540C10AFAD1F02_2094354722 Label:BP_ZCutting2 SpatiallyLoaded:1 Bounds:IsValid=true, Min=(X=1317.952 Y=1730.494 Z=231.581), Max=(X=1431.479 Y=1797.994 Z=411.621) RuntimeGrid:None EditorOnly:0 RuntimeOnly:0 HLODRelevant:0 ListedInSceneOutliner:1 IsMainWorldOnly:0 FolderPath:BP_PcbRouter/CutModel FolderGuid:524767364ADD416B79AAA28D732022AF
 |   |   |- Guid:C7752F384BA7F327A64A47A5C5499843 BaseClass:/Game/FirstPerson/GAM320AT/BluePrint/Component/BP_OutTransferModel.BP_OutTransferModel_C NativeClass:/Script/Engine.Actor Name:BP_OutTransferModel_C_UAID_C87F540C10AFAF1F02_1855931082 Label:BP_OutTransferModel SpatiallyLoaded:1 Bounds:IsValid=true, Min=(X=1111.136 Y=1647.684 Z=177.185), Max=(X=1310.261 Y=2009.179 Z=281.435) RuntimeGrid:None EditorOnly:0 RuntimeOnly:0 HLODRelevant:0 ListedInSceneOutliner:1 IsMainWorldOnly:0 FolderPath:BP_PcbRouter/TransferModel FolderGuid:65FC48A04721EB27C2414F90C4FE1EA9
 |   |   |- Guid:CE8D82634660FCDB3120E2B8D547C533 BaseClass: NativeClass:/Script/Engine.PostProcessVolume Name:PostProcessVolume_0 Label:PostProcessVolume SpatiallyLoaded:0 Bounds:IsValid=true, Min=(X=0.000 Y=0.000 Z=400.000), Max=(X=200.000 Y=200.000 Z=600.000) RuntimeGrid:None EditorOnly:0 RuntimeOnly:0 HLODRelevant:0 ListedInSceneOutliner:1 IsMainWorldOnly:0 FolderPath:Lighting FolderGuid:0BA5F0A04EADB18E70D5B180D08FA34B
 |   |   |- Guid:DE8F1D8D461D5C3628CE73B9C3B1F9A2 BaseClass: NativeClass:/Script/Engine.TextRenderActor Name:TextRenderActor_UAID_C87F540C10AFFD1F02_1640055826 Label:TextRenderActor3 SpatiallyLoaded:1 Bounds:IsValid=true, Min=(X=1131.263 Y=1768.006 Z=522.108), Max=(X=1134.027 Y=1806.773 Z=531.701) RuntimeGrid:None EditorOnly:0 RuntimeOnly:0 HLODRelevant:0 ListedInSceneOutliner:1 IsMainWorldOnly:0 FolderPath:Playground FolderGuid:6C02BB504B69D1F3D7A624B130C18E5B
 |   |   |- Guid:E5320C1B4FD9764CE7B54D8487AEC613 BaseClass: NativeClass:/Script/Engine.SkyLight Name:SkyLight_0 Label:SkyLight SpatiallyLoaded:0 Bounds:IsValid=true, Min=(X=0.000 Y=0.000 Z=690.000), Max=(X=0.000 Y=0.000 Z=690.000) RuntimeGrid:None EditorOnly:0 RuntimeOnly:0 HLODRelevant:0 ListedInSceneOutliner:1 IsMainWorldOnly:0 FolderPath:Lighting FolderGuid:0BA5F0A04EADB18E70D5B180D08FA34B
 |   |   |- Guid:F07F1AF64C7C7C238EE1B4BF8C122DD8 BaseClass: NativeClass:/Script/Engine.StaticMeshActor Name:StaticMeshActor_4 Label:SM_Cube3 SpatiallyLoaded:1 Bounds:IsValid=true, Min=(X=0.000 Y=3400.000 Z=0.000), Max=(X=3000.000 Y=3500.000 Z=1200.000) RuntimeGrid:None EditorOnly:0 RuntimeOnly:0 HLODRelevant:1 ListedInSceneOutliner:1 IsMainWorldOnly:0 FolderPath:Playground FolderGuid:6C02BB504B69D1F3D7A624B130C18E5B
 |   |   |- Guid:F145FC634C27D0822F5E5090D7BEE2E2 BaseClass:/Game/FirstPerson/GAM320AT/BluePrint/Component/BP_InTrack.BP_InTrack_C NativeClass:/Script/Engine.Actor Name:BP_ComponentBase_Child_C_UAID_C87F540C10AFAF1F02_1775560081 Label:BP_InTrack SpatiallyLoaded:1 Bounds:IsValid=true, Min=(X=1166.607 Y=1308.861 Z=217.869), Max=(X=1302.844 Y=1408.086 Z=285.858) RuntimeGrid:None EditorOnly:0 RuntimeOnly:0 HLODRelevant:0 ListedInSceneOutliner:1 IsMainWorldOnly:0 FolderPath:BP_PcbRouter/TransferModel FolderGuid:65FC48A04721EB27C2414F90C4FE1EA9
 |   |   |- Guid:F80621C9446867154938FE81375207DA BaseClass: NativeClass:/Script/Engine.DirectionalLight Name:DirectionalLight_1 Label:DirectionalLight SpatiallyLoaded:0 Bounds:IsValid=true, Min=(X=-1048576.000 Y=-1048576.000 Z=-1048576.000), Max=(X=1048576.000 Y=1048576.000 Z=1048576.000) RuntimeGrid:None EditorOnly:0 RuntimeOnly:0 HLODRelevant:0 ListedInSceneOutliner:1 IsMainWorldOnly:0 FolderPath:Lighting FolderGuid:0BA5F0A04EADB18E70D5B180D08FA34B
 |   |   |- Guid:FB1339B844977D2DEA5684A54F29AB5C BaseClass:/Game/FirstPerson/GAM320AT/BluePrint/Component/BP_RightMotorDriver.BP_RightMotorDriver_C NativeClass:/Script/Engine.Actor Name:BP_RightMotorDriver_C_UAID_C87F540C10AFAF1F02_1707218079 Label:BP_RightMotorDriver SpatiallyLoaded:1 Bounds:IsValid=true, Min=(X=1206.991 Y=1594.596 Z=131.542), Max=(X=1492.580 Y=1719.471 Z=250.342) RuntimeGrid:None EditorOnly:0 RuntimeOnly:0 HLODRelevant:0 ListedInSceneOutliner:1 IsMainWorldOnly:0 FolderPath:BP_PcbRouter/CutModel FolderGuid:524767364ADD416B79AAA28D732022AF
 |   |- [+] Clusters:
 |   |   |- [+] [  0]
 |   |   |   |- Guid:0EDB289B45CB7E0977A6DBA74201EE76 BaseClass: NativeClass:/Script/Engine.StaticMeshActor Name:StaticMeshActor_10 Label:SM_Cube6 SpatiallyLoaded:1 Bounds:IsValid=true, Min=(X=2900.000 Y=100.000 Z=0.000), Max=(X=3000.000 Y=3400.000 Z=1200.000) RuntimeGrid:None EditorOnly:0 RuntimeOnly:0 HLODRelevant:1 ListedInSceneOutliner:1 IsMainWorldOnly:0 FolderPath:Playground FolderGuid:6C02BB504B69D1F3D7A624B130C18E5B
 |   |   |- [+] [  1]
 |   |   |   |- Guid:3030A63C418D7FE714F3A8A5A93BA1DC BaseClass:/Game/FirstPerson/GAM320AT/BluePrint/Component/BP_TransferRackDriver.BP_TransferRackDriver_C NativeClass:/Script/Engine.Actor Name:BP_TransferRackDriver_C_UAID_C87F540C10AFEC1F02_2009339829 Label:BP_TransferRackDriver SpatiallyLoaded:1 Bounds:IsValid=true, Min=(X=1219.151 Y=1444.137 Z=417.779), Max=(X=1277.173 Y=1526.305 Z=539.920) RuntimeGrid:None EditorOnly:0 RuntimeOnly:0 HLODRelevant:0 ListedInSceneOutliner:1 IsMainWorldOnly:0 FolderPath:BP_PcbRouter/TransferModel FolderGuid:65FC48A04721EB27C2414F90C4FE1EA9
 |   |   |- [+] [  2]
 |   |   |   |- Guid:366CA2314A890270E1ADEEBD2D8391A9 BaseClass:/Game/FirstPerson/GAM320AT/BluePrint/Component/BP_LeftMotorDriver.BP_LeftMotorDriver_C NativeClass:/Script/Engine.Actor Name:BP_LeftMotorDriver_C_UAID_C87F540C10AFAF1F02_1707230080 Label:BP_LeftMotorDriver SpatiallyLoaded:1 Bounds:IsValid=true, Min=(X=1201.897 Y=1466.388 Z=137.677), Max=(X=1487.486 Y=1591.263 Z=243.990) RuntimeGrid:None EditorOnly:0 RuntimeOnly:0 HLODRelevant:0 ListedInSceneOutliner:1 IsMainWorldOnly:0 FolderPath:BP_PcbRouter/CutModel FolderGuid:524767364ADD416B79AAA28D732022AF
 |   |   |- [+] [  3]
 |   |   |   |- Guid:4B6567F64F1DB1CEB775FBA15470159B BaseClass:/Game/FirstPerson/GAM320AT/BluePrint/Component/BP_Shell.BP_Shell_C NativeClass:/Script/Engine.Actor Name:BP_Shell_C_UAID_C87F540C10AFAE1F02_1819937901 Label:BP_Shell SpatiallyLoaded:1 Bounds:IsValid=true, Min=(X=974.043 Y=1294.600 Z=-51.750), Max=(X=1513.293 Y=1936.412 Z=785.214) RuntimeGrid:None EditorOnly:0 RuntimeOnly:0 HLODRelevant:0 ListedInSceneOutliner:1 IsMainWorldOnly:0 FolderPath:BP_PcbRouter FolderGuid:F15D002144E8E25296D6E48B7D2E86AF
 |   |   |- [+] [  4]
 |   |   |   |- Guid:61391D344900612A77DFC3BA3E354907 BaseClass: NativeClass:/Script/Engine.ExponentialHeightFog Name:ExponentialHeightFog_0 Label:ExponentialHeightFog SpatiallyLoaded:0 Bounds:IsValid=true, Min=(X=-5600.000 Y=-50.000 Z=-6850.000), Max=(X=-5600.000 Y=-50.000 Z=-6850.000) RuntimeGrid:None EditorOnly:0 RuntimeOnly:0 HLODRelevant:0 ListedInSceneOutliner:1 IsMainWorldOnly:0 FolderPath:Lighting FolderGuid:0BA5F0A04EADB18E70D5B180D08FA34B
 |   |   |- [+] [  5]
 |   |   |   |- Guid:6FEFB3BD4EB37B849EF0D4AC80F83855 BaseClass: NativeClass:/Script/Engine.WorldDataLayers Name:WorldDataLayers Label:WorldDataLayers SpatiallyLoaded:0 Bounds:IsValid=true, Min=(X=0.000 Y=0.000 Z=0.000), Max=(X=0.000 Y=0.000 Z=0.000) RuntimeGrid:None EditorOnly:0 RuntimeOnly:0 HLODRelevant:0 ListedInSceneOutliner:1 IsMainWorldOnly:1
 |   |   |- [+] [  6]
 |   |   |   |- Guid:78CAF7514C7533F30BD2F19A017AAB65 BaseClass: NativeClass:/Script/Engine.StaticMeshActor Name:StaticMeshActor_0 Label:SM_Cube SpatiallyLoaded:1 Bounds:IsValid=true, Min=(X=0.000 Y=0.000 Z=-50.000), Max=(X=3000.000 Y=3500.000 Z=0.000) RuntimeGrid:None EditorOnly:0 RuntimeOnly:0 HLODRelevant:1 ListedInSceneOutliner:1 IsMainWorldOnly:0 FolderPath:Playground FolderGuid:6C02BB504B69D1F3D7A624B130C18E5B
 |   |   |- [+] [  7]
 |   |   |   |- Guid:8559D1384B14F466E8927697A36C1D78 BaseClass: NativeClass:/Script/Engine.StaticMeshActor Name:StaticMeshActor_9 Label:SM_Cube5 SpatiallyLoaded:1 Bounds:IsValid=true, Min=(X=-0.000 Y=100.000 Z=0.000), Max=(X=100.000 Y=3400.000 Z=1200.000) RuntimeGrid:None EditorOnly:0 RuntimeOnly:0 HLODRelevant:1 ListedInSceneOutliner:1 IsMainWorldOnly:0 FolderPath:Playground FolderGuid:6C02BB504B69D1F3D7A624B130C18E5B
 |   |   |- [+] [  8]
 |   |   |   |- Guid:90B7B8D3420C2EABA931D3A6A69DF696 BaseClass: NativeClass:/Script/Engine.StaticMeshActor Name:StaticMeshActor_3 Label:SM_Cube2 SpatiallyLoaded:1 Bounds:IsValid=true, Min=(X=0.000 Y=0.000 Z=0.000), Max=(X=3000.000 Y=100.000 Z=1200.000) RuntimeGrid:None EditorOnly:0 RuntimeOnly:0 HLODRelevant:1 ListedInSceneOutliner:1 IsMainWorldOnly:0 FolderPath:Playground FolderGuid:6C02BB504B69D1F3D7A624B130C18E5B
 |   |   |- [+] [  9]
 |   |   |   |- Guid:A354B1B24E617A525DC6B48CCDE2417E BaseClass: NativeClass:/Script/Engine.PlayerStart Name:PlayerStart_0 Label:PlayerStart SpatiallyLoaded:0 Bounds:IsValid=true, Min=(X=720.352 Y=1535.698 Z=306.534), Max=(X=841.220 Y=1632.276 Z=508.984) RuntimeGrid:None EditorOnly:0 RuntimeOnly:0 HLODRelevant:0 ListedInSceneOutliner:1 IsMainWorldOnly:0
 |   |   |- [+] [ 10]
 |   |   |   |- Guid:AA97E455459E9FF9ACCD0DACE91F8805 BaseClass:/Game/FirstPerson/GAM320AT/BluePrint/Component/BP_XCuttingTrack.BP_XCuttingTrack_C NativeClass:/Script/Engine.Actor Name:BP_XTransferTrack_C_UAID_C87F540C10AFAD1F02_2098697723 Label:BP_XTransferTrack2 SpatiallyLoaded:1 Bounds:IsValid=true, Min=(X=1397.018 Y=1375.038 Z=252.831), Max=(X=1463.065 Y=1839.084 Z=358.131) RuntimeGrid:None EditorOnly:0 RuntimeOnly:0 HLODRelevant:0 ListedInSceneOutliner:1 IsMainWorldOnly:0 FolderPath:BP_PcbRouter/CutModel FolderGuid:524767364ADD416B79AAA28D732022AF
 |   |   |- [+] [ 11]
 |   |   |   |- Guid:AB80E7F14E064AF553816D87EF6F9347 BaseClass: NativeClass:/Script/Engine.TextRenderActor Name:TextRenderActor_UAID_C87F540C10AFFD1F02_1405962825 Label:TextRenderActor2 SpatiallyLoaded:1 Bounds:IsValid=true, Min=(X=1086.177 Y=1529.111 Z=239.229), Max=(X=1086.177 Y=1642.576 Z=268.450) RuntimeGrid:None EditorOnly:0 RuntimeOnly:0 HLODRelevant:0 ListedInSceneOutliner:1 IsMainWorldOnly:0 FolderPath:Playground FolderGuid:6C02BB504B69D1F3D7A624B130C18E5B
 |   |   |- [+] [ 12]
 |   |   |   |- Guid:B8B152AB494A624F710EC4BB64B0D659 BaseClass:/Game/FirstPerson/GAM320AT/BluePrint/Component/BP_TransferRackBar.BP_TransferRackBar_C NativeClass:/Script/Engine.Actor Name:BP_TransferRackBar_C_UAID_C87F540C10AFEC1F02_1961553827 Label:BP_TransferRackBar SpatiallyLoaded:1 Bounds:IsValid=true, Min=(X=1272.010 Y=1385.328 Z=465.889), Max=(X=1316.445 Y=1793.004 Z=539.408) RuntimeGrid:None EditorOnly:0 RuntimeOnly:0 HLODRelevant:0 ListedInSceneOutliner:1 IsMainWorldOnly:0 FolderPath:BP_PcbRouter/TransferModel FolderGuid:65FC48A04721EB27C2414F90C4FE1EA9
 |   |   |- [+] [ 13]
 |   |   |   |- Guid:BE51854B44C4C309F3C5DD83AFD81565 BaseClass:/Game/FirstPerson/GAM320AT/BluePrint/Component/BP_ZCutting.BP_ZCutting_C NativeClass:/Script/Engine.Actor Name:BP_ZCutting_C_UAID_C87F540C10AFAD1F02_2094354722 Label:BP_ZCutting2 SpatiallyLoaded:1 Bounds:IsValid=true, Min=(X=1317.952 Y=1730.494 Z=231.581), Max=(X=1431.479 Y=1797.994 Z=411.621) RuntimeGrid:None EditorOnly:0 RuntimeOnly:0 HLODRelevant:0 ListedInSceneOutliner:1 IsMainWorldOnly:0 FolderPath:BP_PcbRouter/CutModel FolderGuid:524767364ADD416B79AAA28D732022AF
 |   |   |- [+] [ 14]
 |   |   |   |- Guid:C7752F384BA7F327A64A47A5C5499843 BaseClass:/Game/FirstPerson/GAM320AT/BluePrint/Component/BP_OutTransferModel.BP_OutTransferModel_C NativeClass:/Script/Engine.Actor Name:BP_OutTransferModel_C_UAID_C87F540C10AFAF1F02_1855931082 Label:BP_OutTransferModel SpatiallyLoaded:1 Bounds:IsValid=true, Min=(X=1111.136 Y=1647.684 Z=177.185), Max=(X=1310.261 Y=2009.179 Z=281.435) RuntimeGrid:None EditorOnly:0 RuntimeOnly:0 HLODRelevant:0 ListedInSceneOutliner:1 IsMainWorldOnly:0 FolderPath:BP_PcbRouter/TransferModel FolderGuid:65FC48A04721EB27C2414F90C4FE1EA9
 |   |   |- [+] [ 15]
 |   |   |   |- Guid:CE8D82634660FCDB3120E2B8D547C533 BaseClass: NativeClass:/Script/Engine.PostProcessVolume Name:PostProcessVolume_0 Label:PostProcessVolume SpatiallyLoaded:0 Bounds:IsValid=true, Min=(X=0.000 Y=0.000 Z=400.000), Max=(X=200.000 Y=200.000 Z=600.000) RuntimeGrid:None EditorOnly:0 RuntimeOnly:0 HLODRelevant:0 ListedInSceneOutliner:1 IsMainWorldOnly:0 FolderPath:Lighting FolderGuid:0BA5F0A04EADB18E70D5B180D08FA34B
 |   |   |- [+] [ 16]
 |   |   |   |- Guid:DE8F1D8D461D5C3628CE73B9C3B1F9A2 BaseClass: NativeClass:/Script/Engine.TextRenderActor Name:TextRenderActor_UAID_C87F540C10AFFD1F02_1640055826 Label:TextRenderActor3 SpatiallyLoaded:1 Bounds:IsValid=true, Min=(X=1131.263 Y=1768.006 Z=522.108), Max=(X=1134.027 Y=1806.773 Z=531.701) RuntimeGrid:None EditorOnly:0 RuntimeOnly:0 HLODRelevant:0 ListedInSceneOutliner:1 IsMainWorldOnly:0 FolderPath:Playground FolderGuid:6C02BB504B69D1F3D7A624B130C18E5B
 |   |   |- [+] [ 17]
 |   |   |   |- Guid:E5320C1B4FD9764CE7B54D8487AEC613 BaseClass: NativeClass:/Script/Engine.SkyLight Name:SkyLight_0 Label:SkyLight SpatiallyLoaded:0 Bounds:IsValid=true, Min=(X=0.000 Y=0.000 Z=690.000), Max=(X=0.000 Y=0.000 Z=690.000) RuntimeGrid:None EditorOnly:0 RuntimeOnly:0 HLODRelevant:0 ListedInSceneOutliner:1 IsMainWorldOnly:0 FolderPath:Lighting FolderGuid:0BA5F0A04EADB18E70D5B180D08FA34B
 |   |   |- [+] [ 18]
 |   |   |   |- Guid:F07F1AF64C7C7C238EE1B4BF8C122DD8 BaseClass: NativeClass:/Script/Engine.StaticMeshActor Name:StaticMeshActor_4 Label:SM_Cube3 SpatiallyLoaded:1 Bounds:IsValid=true, Min=(X=0.000 Y=3400.000 Z=0.000), Max=(X=3000.000 Y=3500.000 Z=1200.000) RuntimeGrid:None EditorOnly:0 RuntimeOnly:0 HLODRelevant:1 ListedInSceneOutliner:1 IsMainWorldOnly:0 FolderPath:Playground FolderGuid:6C02BB504B69D1F3D7A624B130C18E5B
 |   |   |- [+] [ 19]
 |   |   |   |- Guid:F145FC634C27D0822F5E5090D7BEE2E2 BaseClass:/Game/FirstPerson/GAM320AT/BluePrint/Component/BP_InTrack.BP_InTrack_C NativeClass:/Script/Engine.Actor Name:BP_ComponentBase_Child_C_UAID_C87F540C10AFAF1F02_1775560081 Label:BP_InTrack SpatiallyLoaded:1 Bounds:IsValid=true, Min=(X=1166.607 Y=1308.861 Z=217.869), Max=(X=1302.844 Y=1408.086 Z=285.858) RuntimeGrid:None EditorOnly:0 RuntimeOnly:0 HLODRelevant:0 ListedInSceneOutliner:1 IsMainWorldOnly:0 FolderPath:BP_PcbRouter/TransferModel FolderGuid:65FC48A04721EB27C2414F90C4FE1EA9
 |   |   |- [+] [ 20]
 |   |   |   |- Guid:F80621C9446867154938FE81375207DA BaseClass: NativeClass:/Script/Engine.DirectionalLight Name:DirectionalLight_1 Label:DirectionalLight SpatiallyLoaded:0 Bounds:IsValid=true, Min=(X=-1048576.000 Y=-1048576.000 Z=-1048576.000), Max=(X=1048576.000 Y=1048576.000 Z=1048576.000) RuntimeGrid:None EditorOnly:0 RuntimeOnly:0 HLODRelevant:0 ListedInSceneOutliner:1 IsMainWorldOnly:0 FolderPath:Lighting FolderGuid:0BA5F0A04EADB18E70D5B180D08FA34B
 |   |   |- [+] [ 21]
 |   |   |   |- Guid:FB1339B844977D2DEA5684A54F29AB5C BaseClass:/Game/FirstPerson/GAM320AT/BluePrint/Component/BP_RightMotorDriver.BP_RightMotorDriver_C NativeClass:/Script/Engine.Actor Name:BP_RightMotorDriver_C_UAID_C87F540C10AFAF1F02_1707218079 Label:BP_RightMotorDriver SpatiallyLoaded:1 Bounds:IsValid=true, Min=(X=1206.991 Y=1594.596 Z=131.542), Max=(X=1492.580 Y=1719.471 Z=250.342) RuntimeGrid:None EditorOnly:0 RuntimeOnly:0 HLODRelevant:0 ListedInSceneOutliner:1 IsMainWorldOnly:0 FolderPath:BP_PcbRouter/CutModel FolderGuid:524767364ADD416B79AAA28D732022AF
 |- ContainerInstances:
 |- [+] MainContainer:
 |   |-        ID: 00000000000000000000000000000000
 |   |-  ParentID: 00000000000000000000000000000000
 |   |-    Bounds: IsValid=false, Min=(X=0.000 Y=0.000 Z=0.000), Max=(X=0.000 Y=0.000 Z=0.000)
 |   |- Transform: 0.000000,0.000000,0.000000|0.000000,0.000000,-0.000000|1.000000,1.000000,1.000000
 |   |- Container: /Game/FirstPerson/Maps/FirstPersonMap
----------------------------------------------------------------------------------------------------------------
FirstPersonMap - Persistent Level
----------------------------------------------------------------------------------------------------------------
[+] Content of FirstPersonMap Persistent Level
 |- Always loaded Actor Count: 29 
 |- Actor Path: /Game/FirstPerson/Maps/FirstPersonMap.FirstPersonMap:PersistentLevel.AbstractNavData-Default
 |- Actor Package: /Game/FirstPerson/Maps/FirstPersonMap
 |- Actor Path: /Game/FirstPerson/Maps/FirstPersonMap.FirstPersonMap:PersistentLevel.BP_ComponentBase_Child_C_UAID_C87F540C10AFAF1F02_1775560081
 |- Actor Package: /Game/__ExternalActors__/FirstPerson/Maps/FirstPersonMap/4/8C/1MITR5SPUWUPR9EYGSLWBC
 |- Actor Path: /Game/FirstPerson/Maps/FirstPersonMap.FirstPersonMap:PersistentLevel.BP_LeftMotorDriver_C_UAID_C87F540C10AFAF1F02_1707230080
 |- Actor Package: /Game/__ExternalActors__/FirstPerson/Maps/FirstPersonMap/1/IR/ORU7OSDZXRU3Y62Z2QAC40
 |- Actor Path: /Game/FirstPerson/Maps/FirstPersonMap.FirstPersonMap:PersistentLevel.BP_OutTransferModel_C_UAID_C87F540C10AFAF1F02_1855931082
 |- Actor Package: /Game/__ExternalActors__/FirstPerson/Maps/FirstPersonMap/C/V0/28305OUO0LMSR3VTLAADPN
 |- Actor Path: /Game/FirstPerson/Maps/FirstPersonMap.FirstPersonMap:PersistentLevel.BP_RightMotorDriver_C_UAID_C87F540C10AFAF1F02_1707218079
 |- Actor Package: /Game/__ExternalActors__/FirstPerson/Maps/FirstPersonMap/1/F8/58E0YL0EEWBIGE50NFPN13
 |- Actor Path: /Game/FirstPerson/Maps/FirstPersonMap.FirstPersonMap:PersistentLevel.BP_Shell_C_UAID_C87F540C10AFAE1F02_1819937901
 |- Actor Package: /Game/__ExternalActors__/FirstPerson/Maps/FirstPersonMap/D/ZB/PJ1CUKL192AVNF3O8S5P0F
 |- Actor Path: /Game/FirstPerson/Maps/FirstPersonMap.FirstPersonMap:PersistentLevel.BP_TransferRackBar_C_UAID_C87F540C10AFEC1F02_1961553827
 |- Actor Package: /Game/__ExternalActors__/FirstPerson/Maps/FirstPersonMap/8/QF/VLKJEOKRN3A9RZNLQEN477
 |- Actor Path: /Game/FirstPerson/Maps/FirstPersonMap.FirstPersonMap:PersistentLevel.BP_TransferRackDriver_C_UAID_C87F540C10AFEC1F02_2009339829
 |- Actor Package: /Game/__ExternalActors__/FirstPerson/Maps/FirstPersonMap/E/TW/4KJXRV1749MSHM54FIQ1EA
 |- Actor Path: /Game/FirstPerson/Maps/FirstPersonMap.FirstPersonMap:PersistentLevel.BP_XTransferTrack_C_UAID_C87F540C10AFAD1F02_2098697723
 |- Actor Package: /Game/__ExternalActors__/FirstPerson/Maps/FirstPersonMap/A/2J/7O4HZ0AJXTWYABFRIBMGS5
 |- Actor Path: /Game/FirstPerson/Maps/FirstPersonMap.FirstPersonMap:PersistentLevel.BP_ZCutting_C_UAID_C87F540C10AFAD1F02_2094354722
 |- Actor Package: /Game/__ExternalActors__/FirstPerson/Maps/FirstPersonMap/8/TC/43RS9OZ6F8IWA5EDL7H5JT
 |- Actor Path: /Game/FirstPerson/Maps/FirstPersonMap.FirstPersonMap:PersistentLevel.Brush_0
 |- Actor Package: /Game/FirstPerson/Maps/FirstPersonMap
 |- Actor Path: /Game/FirstPerson/Maps/FirstPersonMap.FirstPersonMap:PersistentLevel.DefaultPhysicsVolume_0
 |- Actor Package: /Game/FirstPerson/Maps/FirstPersonMap
 |- Actor Path: /Game/FirstPerson/Maps/FirstPersonMap.FirstPersonMap:PersistentLevel.DirectionalLight_1
 |- Actor Package: /Game/__ExternalActors__/FirstPerson/Maps/FirstPersonMap/0/WB/V4ALNTJYOVWM8BU452CKV5
 |- Actor Path: /Game/FirstPerson/Maps/FirstPersonMap.FirstPersonMap:PersistentLevel.ExponentialHeightFog_0
 |- Actor Package: /Game/__ExternalActors__/FirstPerson/Maps/FirstPersonMap/0/CL/381LM03PFI8AF9NED1SEV2
 |- Actor Path: /Game/FirstPerson/Maps/FirstPersonMap.FirstPersonMap:PersistentLevel.FirstPersonExampleMap_C_1
 |- Actor Package: /Game/FirstPerson/Maps/FirstPersonMap
 |- Actor Path: /Game/FirstPerson/Maps/FirstPersonMap.FirstPersonMap:PersistentLevel.GameplayDebuggerPlayerManager_0
 |- Actor Package: /Game/FirstPerson/Maps/FirstPersonMap
 |- Actor Path: /Game/FirstPerson/Maps/FirstPersonMap.FirstPersonMap:PersistentLevel.PlayerStart_0
 |- Actor Package: /Game/__ExternalActors__/FirstPerson/Maps/FirstPersonMap/8/Z7/W1SXRCM1KAKBJOIZDLHZ47
 |- Actor Path: /Game/FirstPerson/Maps/FirstPersonMap.FirstPersonMap:PersistentLevel.PostProcessVolume_0
 |- Actor Package: /Game/__ExternalActors__/FirstPerson/Maps/FirstPersonMap/E/MX/R1GV431P5FDO08OFULRA01
 |- Actor Path: /Game/FirstPerson/Maps/FirstPersonMap.FirstPersonMap:PersistentLevel.SkyLight_0
 |- Actor Package: /Game/__ExternalActors__/FirstPerson/Maps/FirstPersonMap/6/0Z/5RQIHCZ9W3UXRGL4LTLQAK
 |- Actor Path: /Game/FirstPerson/Maps/FirstPersonMap.FirstPersonMap:PersistentLevel.StaticMeshActor_0
 |- Actor Package: /Game/__ExternalActors__/FirstPerson/Maps/FirstPersonMap/7/L5/1ZJ54FMA0DAL3I2Q8RFAIB
 |- Actor Path: /Game/FirstPerson/Maps/FirstPersonMap.FirstPersonMap:PersistentLevel.StaticMeshActor_3
 |- Actor Package: /Game/__ExternalActors__/FirstPerson/Maps/FirstPersonMap/3/AI/0XWE3RNM2XQC0ST1KXG02O
 |- Actor Path: /Game/FirstPerson/Maps/FirstPersonMap.FirstPersonMap:PersistentLevel.StaticMeshActor_4
 |- Actor Package: /Game/__ExternalActors__/FirstPerson/Maps/FirstPersonMap/6/AJ/2XZ3RUK0LFB63FVNQE7P5R
 |- Actor Path: /Game/FirstPerson/Maps/FirstPersonMap.FirstPersonMap:PersistentLevel.StaticMeshActor_9
 |- Actor Package: /Game/__ExternalActors__/FirstPerson/Maps/FirstPersonMap/E/UE/YUZ9741T50O1SYRX90OB0S
 |- Actor Path: /Game/FirstPerson/Maps/FirstPersonMap.FirstPersonMap:PersistentLevel.StaticMeshActor_10
 |- Actor Package: /Game/__ExternalActors__/FirstPerson/Maps/FirstPersonMap/A/XJ/HL558UUAGCS9HVVOI0S7PX
 |- Actor Path: /Game/FirstPerson/Maps/FirstPersonMap.FirstPersonMap:PersistentLevel.TextRenderActor_UAID_C87F540C10AFFD1F02_1405962825
 |- Actor Package: /Game/__ExternalActors__/FirstPerson/Maps/FirstPersonMap/6/0T/71MMJL77677XGOSKMQ7LU2
 |- Actor Path: /Game/FirstPerson/Maps/FirstPersonMap.FirstPersonMap:PersistentLevel.TextRenderActor_UAID_C87F540C10AFFD1F02_1640055826
 |- Actor Package: /Game/__ExternalActors__/FirstPerson/Maps/FirstPersonMap/6/O8/D92A2RLPJGIPF2BFQEHERB
 |- Actor Path: /Game/FirstPerson/Maps/FirstPersonMap.FirstPersonMap:PersistentLevel.WorldDataLayers
 |- Actor Package: /Game/__ExternalActors__/FirstPerson/Maps/FirstPersonMap/D/0W/E1FKEGVKGOLM7HGLQPCIPO
 |- Actor Path: /Game/FirstPerson/Maps/FirstPersonMap.FirstPersonMap:PersistentLevel.WorldInfo_0
 |- Actor Package: /Game/FirstPerson/Maps/FirstPersonMap
 |- Actor Path: /Game/FirstPerson/Maps/FirstPersonMap.FirstPersonMap:PersistentLevel.WorldPartitionMiniMap_0
 |- Actor Package: /Game/__ExternalActors__/FirstPerson/Maps/FirstPersonMap/4/CR/SRVPLA8UNZ8XIIP0E036DI

----------------------------------------------------------------------------------------------------------------
FirstPersonMap - Runtime Spatial Hash - Streaming Grid - MainGrid
----------------------------------------------------------------------------------------------------------------
            Origin: X=0.000 Y=0.000 Z=0.000
         Cell Size: 12800
      World Bounds: IsValid=false, Min=(X=0.000 Y=0.000 Z=0.000), Max=(X=0.000 Y=0.000 Z=0.000)
     Loading Range: 25600.00
Block Slow Loading: No
 ClientOnlyVisible: No
            Origin: X=0.000 Y=0.000 Z=0.000

[+] Grid Levels: 1
 |- Level  0: Cell Count    0 | Cell Size   12800 | Actor Count    0 (0.0%)

[+] Content of Grid Level 0

